  [1m[35m (0.5ms)[0m  [1m[34mSELECT sqlite_version(*)[0m
  ↳ bin/rails:9
  [1m[35m (98.3ms)[0m  [1m[35mCREATE TABLE "schema_migrations" ("version" varchar NOT NULL PRIMARY KEY)[0m
  ↳ bin/rails:9
  [1m[35m (74.3ms)[0m  [1m[35mCREATE TABLE "ar_internal_metadata" ("key" varchar NOT NULL PRIMARY KEY, "value" varchar, "created_at" datetime NOT NULL, "updated_at" datetime NOT NULL)[0m
  ↳ bin/rails:9
  [1m[35m (0.1ms)[0m  [1m[34mSELECT "schema_migrations"."version" FROM "schema_migrations" ORDER BY "schema_migrations"."version" ASC[0m
  ↳ bin/rails:9
Migrating to CreateMachines (20180608084406)
  [1m[35m (0.0ms)[0m  [1m[36mbegin transaction[0m
  ↳ bin/rails:9
  [1m[35m (0.6ms)[0m  [1m[35mCREATE TABLE "machines" ("id" integer PRIMARY KEY AUTOINCREMENT NOT NULL, "name" varchar, "created_at" datetime NOT NULL, "updated_at" datetime NOT NULL)[0m
  ↳ db/migrate/20180608084406_create_machines.rb:3
  [1m[36mActiveRecord::SchemaMigration Create (0.2ms)[0m  [1m[32mINSERT INTO "schema_migrations" ("version") VALUES (?)[0m  [["version", "20180608084406"]]
  ↳ bin/rails:9
  [1m[35m (67.1ms)[0m  [1m[36mcommit transaction[0m
  ↳ bin/rails:9
  [1m[36mActiveRecord::InternalMetadata Load (0.1ms)[0m  [1m[34mSELECT  "ar_internal_metadata".* FROM "ar_internal_metadata" WHERE "ar_internal_metadata"."key" = ? LIMIT ?[0m  [["key", "environment"], ["LIMIT", 1]]
  ↳ bin/rails:9
  [1m[35m (0.1ms)[0m  [1m[36mbegin transaction[0m
  ↳ bin/rails:9
  [1m[36mActiveRecord::InternalMetadata Create (0.2ms)[0m  [1m[32mINSERT INTO "ar_internal_metadata" ("key", "value", "created_at", "updated_at") VALUES (?, ?, ?, ?)[0m  [["key", "environment"], ["value", "development"], ["created_at", "2018-06-08 08:44:15.653247"], ["updated_at", "2018-06-08 08:44:15.653247"]]
  ↳ bin/rails:9
  [1m[35m (57.4ms)[0m  [1m[36mcommit transaction[0m
  ↳ bin/rails:9
  [1m[35m (0.1ms)[0m  [1m[34mSELECT "schema_migrations"."version" FROM "schema_migrations" ORDER BY "schema_migrations"."version" ASC[0m
  ↳ bin/rails:9
  [1m[35m (0.1ms)[0m  [1m[34mSELECT "schema_migrations"."version" FROM "schema_migrations" ORDER BY "schema_migrations"."version" ASC[0m
  ↳ bin/rails:9
Migrating to CreateParts (20180608090102)
  [1m[35m (0.0ms)[0m  [1m[36mbegin transaction[0m
  ↳ bin/rails:9
  [1m[35m (0.1ms)[0m  [1m[34mSELECT sqlite_version(*)[0m
  ↳ db/migrate/20180608090102_create_parts.rb:3
  [1m[35m (0.2ms)[0m  [1m[35mCREATE TABLE "parts" ("id" integer PRIMARY KEY AUTOINCREMENT NOT NULL, "name" varchar, "machine_id" integer, "created_at" datetime NOT NULL, "updated_at" datetime NOT NULL, CONSTRAINT "fk_rails_328e3be949"
FOREIGN KEY ("machine_id")
  REFERENCES "machines" ("id")
)[0m
  ↳ db/migrate/20180608090102_create_parts.rb:3
  [1m[35m (0.1ms)[0m  [1m[35mCREATE  INDEX "index_parts_on_machine_id" ON "parts" ("machine_id")[0m
  ↳ db/migrate/20180608090102_create_parts.rb:3
  [1m[36mActiveRecord::SchemaMigration Create (0.1ms)[0m  [1m[32mINSERT INTO "schema_migrations" ("version") VALUES (?)[0m  [["version", "20180608090102"]]
  ↳ bin/rails:9
  [1m[35m (74.7ms)[0m  [1m[36mcommit transaction[0m
  ↳ bin/rails:9
  [1m[36mActiveRecord::InternalMetadata Load (0.2ms)[0m  [1m[34mSELECT  "ar_internal_metadata".* FROM "ar_internal_metadata" WHERE "ar_internal_metadata"."key" = ? LIMIT ?[0m  [["key", "environment"], ["LIMIT", 1]]
  ↳ bin/rails:9
  [1m[35m (0.1ms)[0m  [1m[36mbegin transaction[0m
  ↳ bin/rails:9
  [1m[35m (0.1ms)[0m  [1m[36mcommit transaction[0m
  ↳ bin/rails:9
  [1m[35m (0.1ms)[0m  [1m[34mSELECT "schema_migrations"."version" FROM "schema_migrations" ORDER BY "schema_migrations"."version" ASC[0m
  ↳ bin/rails:9
Started GET "/machines/new" for 127.0.0.1 at 2018-06-08 16:11:32 +0700
  [1m[35m (0.1ms)[0m  [1m[34mSELECT "schema_migrations"."version" FROM "schema_migrations" ORDER BY "schema_migrations"."version" ASC[0m
  ↳ /home/heomapmap/.rvm/gems/ruby-2.5.1/gems/activerecord-5.2.0/lib/active_record/log_subscriber.rb:98
  
ActionController::RoutingError (No route matches [GET] "/machines/new"):
  
actionpack (5.2.0) lib/action_dispatch/middleware/debug_exceptions.rb:65:in `call'
web-console (3.6.2) lib/web_console/middleware.rb:135:in `call_app'
web-console (3.6.2) lib/web_console/middleware.rb:30:in `block in call'
web-console (3.6.2) lib/web_console/middleware.rb:20:in `catch'
web-console (3.6.2) lib/web_console/middleware.rb:20:in `call'
actionpack (5.2.0) lib/action_dispatch/middleware/show_exceptions.rb:33:in `call'
railties (5.2.0) lib/rails/rack/logger.rb:38:in `call_app'
railties (5.2.0) lib/rails/rack/logger.rb:26:in `block in call'
activesupport (5.2.0) lib/active_support/tagged_logging.rb:71:in `block in tagged'
activesupport (5.2.0) lib/active_support/tagged_logging.rb:28:in `tagged'
activesupport (5.2.0) lib/active_support/tagged_logging.rb:71:in `tagged'
railties (5.2.0) lib/rails/rack/logger.rb:26:in `call'
sprockets-rails (3.2.1) lib/sprockets/rails/quiet_assets.rb:13:in `call'
actionpack (5.2.0) lib/action_dispatch/middleware/remote_ip.rb:81:in `call'
actionpack (5.2.0) lib/action_dispatch/middleware/request_id.rb:27:in `call'
rack (2.0.5) lib/rack/method_override.rb:22:in `call'
rack (2.0.5) lib/rack/runtime.rb:22:in `call'
activesupport (5.2.0) lib/active_support/cache/strategy/local_cache_middleware.rb:29:in `call'
actionpack (5.2.0) lib/action_dispatch/middleware/executor.rb:14:in `call'
actionpack (5.2.0) lib/action_dispatch/middleware/static.rb:127:in `call'
rack (2.0.5) lib/rack/sendfile.rb:111:in `call'
railties (5.2.0) lib/rails/engine.rb:524:in `call'
puma (3.11.4) lib/puma/configuration.rb:225:in `call'
puma (3.11.4) lib/puma/server.rb:632:in `handle_request'
puma (3.11.4) lib/puma/server.rb:446:in `process_client'
puma (3.11.4) lib/puma/server.rb:306:in `block in run'
puma (3.11.4) lib/puma/thread_pool.rb:120:in `block in spawn_thread'
Started GET "/machines/new" for 127.0.0.1 at 2018-06-08 16:12:44 +0700
Started GET "/machines/new" for 127.0.0.1 at 2018-06-08 16:12:54 +0700
Started GET "/machines/new" for 127.0.0.1 at 2018-06-08 16:12:54 +0700
Started GET "/machines/new" for 127.0.0.1 at 2018-06-08 16:12:54 +0700
Processing by MachinesController#new as HTML
  Rendering machines/new.html.erb within layouts/application
  Rendered machines/new.html.erb within layouts/application (137.3ms)
Completed 200 OK in 1719ms (Views: 1626.0ms | ActiveRecord: 0.9ms)


Processing by MachinesController#new as HTML
Started GET "/machines/new" for 127.0.0.1 at 2018-06-08 16:12:56 +0700
Processing by MachinesController#new as HTML
Processing by MachinesController#new as HTML
Processing by MachinesController#new as HTML
Started GET "/machines/new" for 127.0.0.1 at 2018-06-08 16:12:56 +0700
Processing by MachinesController#new as HTML
  Rendering machines/new.html.erb within layouts/application
  Rendering machines/new.html.erb within layouts/application
  Rendering machines/new.html.erb within layouts/application
  Rendering machines/new.html.erb within layouts/application
  Rendered machines/new.html.erb within layouts/application (7.1ms)
  Rendered machines/new.html.erb within layouts/application (6.6ms)
  Rendered machines/new.html.erb within layouts/application (9.6ms)
  Rendering machines/new.html.erb within layouts/application
  Rendered machines/new.html.erb within layouts/application (16.3ms)
  Rendered machines/new.html.erb within layouts/application (16.1ms)
Completed 200 OK in 153ms (Views: 121.8ms | ActiveRecord: 0.0ms)


Completed 200 OK in 155ms (Views: 137.6ms | ActiveRecord: 0.0ms)


Completed 200 OK in 165ms (Views: 142.5ms | ActiveRecord: 1.3ms)


Completed 200 OK in 170ms (Views: 141.1ms | ActiveRecord: 0.0ms)


Completed 200 OK in 167ms (Views: 143.2ms | ActiveRecord: 0.0ms)


Started POST "/machines" for 127.0.0.1 at 2018-06-08 16:13:05 +0700
  
AbstractController::ActionNotFound (The action 'create' could not be found for MachinesController):
  
actionpack (5.2.0) lib/abstract_controller/base.rb:129:in `process'
actionview (5.2.0) lib/action_view/rendering.rb:32:in `process'
actionpack (5.2.0) lib/action_controller/metal.rb:191:in `dispatch'
actionpack (5.2.0) lib/action_controller/metal.rb:252:in `dispatch'
actionpack (5.2.0) lib/action_dispatch/routing/route_set.rb:52:in `dispatch'
actionpack (5.2.0) lib/action_dispatch/routing/route_set.rb:34:in `serve'
actionpack (5.2.0) lib/action_dispatch/journey/router.rb:52:in `block in serve'
actionpack (5.2.0) lib/action_dispatch/journey/router.rb:35:in `each'
actionpack (5.2.0) lib/action_dispatch/journey/router.rb:35:in `serve'
actionpack (5.2.0) lib/action_dispatch/routing/route_set.rb:840:in `call'
rack (2.0.5) lib/rack/tempfile_reaper.rb:15:in `call'
rack (2.0.5) lib/rack/etag.rb:25:in `call'
rack (2.0.5) lib/rack/conditional_get.rb:38:in `call'
rack (2.0.5) lib/rack/head.rb:12:in `call'
actionpack (5.2.0) lib/action_dispatch/http/content_security_policy.rb:18:in `call'
rack (2.0.5) lib/rack/session/abstract/id.rb:232:in `context'
rack (2.0.5) lib/rack/session/abstract/id.rb:226:in `call'
actionpack (5.2.0) lib/action_dispatch/middleware/cookies.rb:670:in `call'
activerecord (5.2.0) lib/active_record/migration.rb:559:in `call'
actionpack (5.2.0) lib/action_dispatch/middleware/callbacks.rb:28:in `block in call'
activesupport (5.2.0) lib/active_support/callbacks.rb:98:in `run_callbacks'
actionpack (5.2.0) lib/action_dispatch/middleware/callbacks.rb:26:in `call'
actionpack (5.2.0) lib/action_dispatch/middleware/executor.rb:14:in `call'
actionpack (5.2.0) lib/action_dispatch/middleware/debug_exceptions.rb:61:in `call'
web-console (3.6.2) lib/web_console/middleware.rb:135:in `call_app'
web-console (3.6.2) lib/web_console/middleware.rb:30:in `block in call'
web-console (3.6.2) lib/web_console/middleware.rb:20:in `catch'
web-console (3.6.2) lib/web_console/middleware.rb:20:in `call'
actionpack (5.2.0) lib/action_dispatch/middleware/show_exceptions.rb:33:in `call'
railties (5.2.0) lib/rails/rack/logger.rb:38:in `call_app'
railties (5.2.0) lib/rails/rack/logger.rb:26:in `block in call'
activesupport (5.2.0) lib/active_support/tagged_logging.rb:71:in `block in tagged'
activesupport (5.2.0) lib/active_support/tagged_logging.rb:28:in `tagged'
activesupport (5.2.0) lib/active_support/tagged_logging.rb:71:in `tagged'
railties (5.2.0) lib/rails/rack/logger.rb:26:in `call'
sprockets-rails (3.2.1) lib/sprockets/rails/quiet_assets.rb:13:in `call'
actionpack (5.2.0) lib/action_dispatch/middleware/remote_ip.rb:81:in `call'
actionpack (5.2.0) lib/action_dispatch/middleware/request_id.rb:27:in `call'
rack (2.0.5) lib/rack/method_override.rb:22:in `call'
rack (2.0.5) lib/rack/runtime.rb:22:in `call'
activesupport (5.2.0) lib/active_support/cache/strategy/local_cache_middleware.rb:29:in `call'
actionpack (5.2.0) lib/action_dispatch/middleware/executor.rb:14:in `call'
actionpack (5.2.0) lib/action_dispatch/middleware/static.rb:127:in `call'
rack (2.0.5) lib/rack/sendfile.rb:111:in `call'
railties (5.2.0) lib/rails/engine.rb:524:in `call'
puma (3.11.4) lib/puma/configuration.rb:225:in `call'
puma (3.11.4) lib/puma/server.rb:632:in `handle_request'
puma (3.11.4) lib/puma/server.rb:446:in `process_client'
puma (3.11.4) lib/puma/server.rb:306:in `block in run'
puma (3.11.4) lib/puma/thread_pool.rb:120:in `block in spawn_thread'
  [1m[35m (0.2ms)[0m  [1m[36mbegin transaction[0m
  [1m[36mMachine Create (0.3ms)[0m  [1m[32mINSERT INTO "machines" ("name", "created_at", "updated_at") VALUES (?, ?, ?)[0m  [["name", "machine01"], ["created_at", "2018-06-08 09:14:34.922981"], ["updated_at", "2018-06-08 09:14:34.922981"]]
  [1m[35m (54.9ms)[0m  [1m[36mcommit transaction[0m
  [1m[35m (0.2ms)[0m  [1m[36mbegin transaction[0m
  [1m[36mMachine Create (0.5ms)[0m  [1m[32mINSERT INTO "machines" ("name", "created_at", "updated_at") VALUES (?, ?, ?)[0m  [["name", "machine02"], ["created_at", "2018-06-08 09:14:56.600682"], ["updated_at", "2018-06-08 09:14:56.600682"]]
  [1m[35m (80.9ms)[0m  [1m[36mcommit transaction[0m
Started GET "/machines/new" for 127.0.0.1 at 2018-06-08 16:15:01 +0700
Processing by MachinesController#new as HTML
  Rendering machines/new.html.erb within layouts/application
  Rendered machines/new.html.erb within layouts/application (2.8ms)
Completed 200 OK in 20ms (Views: 19.0ms | ActiveRecord: 0.0ms)


Started GET "/machines/new" for 127.0.0.1 at 2018-06-08 16:15:02 +0700
Processing by MachinesController#new as HTML
  Rendering machines/new.html.erb within layouts/application
  Rendered machines/new.html.erb within layouts/application (2.1ms)
Completed 200 OK in 15ms (Views: 13.6ms | ActiveRecord: 0.0ms)


Started GET "/machines/new" for 127.0.0.1 at 2018-06-08 16:15:03 +0700
Processing by MachinesController#new as HTML
  Rendering machines/new.html.erb within layouts/application
  Rendered machines/new.html.erb within layouts/application (2.9ms)
Completed 200 OK in 17ms (Views: 15.6ms | ActiveRecord: 0.0ms)


Started GET "/machines/new" for 127.0.0.1 at 2018-06-08 16:15:03 +0700
Processing by MachinesController#new as HTML
  Rendering machines/new.html.erb within layouts/application
  Rendered machines/new.html.erb within layouts/application (2.7ms)
Completed 200 OK in 18ms (Views: 16.6ms | ActiveRecord: 0.0ms)


Started GET "/machines/new" for 127.0.0.1 at 2018-06-08 16:15:03 +0700
Processing by MachinesController#new as HTML
  Rendering machines/new.html.erb within layouts/application
  Rendered machines/new.html.erb within layouts/application (2.8ms)
Completed 200 OK in 16ms (Views: 14.3ms | ActiveRecord: 0.0ms)


Started GET "/machines/new" for 127.0.0.1 at 2018-06-08 16:15:03 +0700
Processing by MachinesController#new as HTML
  Rendering machines/new.html.erb within layouts/application
  Rendered machines/new.html.erb within layouts/application (2.6ms)
Completed 200 OK in 17ms (Views: 15.5ms | ActiveRecord: 0.0ms)


Started GET "/machines/new" for 127.0.0.1 at 2018-06-08 16:15:03 +0700
Processing by MachinesController#new as HTML
  Rendering machines/new.html.erb within layouts/application
  Rendered machines/new.html.erb within layouts/application (2.3ms)
Completed 200 OK in 18ms (Views: 15.9ms | ActiveRecord: 0.0ms)


Started GET "/machines/new" for 127.0.0.1 at 2018-06-08 16:26:00 +0700
Processing by MachinesController#new as HTML
  Rendering machines/new.html.erb within layouts/application
  Rendered machines/new.html.erb within layouts/application (5.0ms)
Completed 200 OK in 22ms (Views: 20.4ms | ActiveRecord: 0.0ms)


Started GET "/machines/new" for 127.0.0.1 at 2018-06-08 16:26:01 +0700
Processing by MachinesController#new as HTML
  Rendering machines/new.html.erb within layouts/application
  Rendered machines/new.html.erb within layouts/application (2.8ms)
Completed 200 OK in 20ms (Views: 18.1ms | ActiveRecord: 0.0ms)


Started GET "/machines/new" for 127.0.0.1 at 2018-06-08 16:26:01 +0700
Processing by MachinesController#new as HTML
  Rendering machines/new.html.erb within layouts/application
  Rendered machines/new.html.erb within layouts/application (3.0ms)
Completed 200 OK in 18ms (Views: 16.4ms | ActiveRecord: 0.0ms)


Started GET "/machines/new" for 127.0.0.1 at 2018-06-08 16:26:02 +0700
Processing by MachinesController#new as HTML
  Rendering machines/new.html.erb within layouts/application
  Rendered machines/new.html.erb within layouts/application (3.0ms)
Completed 200 OK in 19ms (Views: 17.3ms | ActiveRecord: 0.0ms)


Started GET "/machines/new" for 127.0.0.1 at 2018-06-08 16:26:02 +0700
Processing by MachinesController#new as HTML
  Rendering machines/new.html.erb within layouts/application
  Rendered machines/new.html.erb within layouts/application (2.8ms)
Completed 200 OK in 19ms (Views: 17.1ms | ActiveRecord: 0.0ms)


Started GET "/machines/new" for 127.0.0.1 at 2018-06-08 16:26:02 +0700
Processing by MachinesController#new as HTML
  Rendering machines/new.html.erb within layouts/application
  Rendered machines/new.html.erb within layouts/application (2.4ms)
Completed 200 OK in 17ms (Views: 15.3ms | ActiveRecord: 0.0ms)


Started GET "/machines/new" for 127.0.0.1 at 2018-06-08 16:26:02 +0700
Processing by MachinesController#new as HTML
  Rendering machines/new.html.erb within layouts/application
  Rendered machines/new.html.erb within layouts/application (2.9ms)
Completed 200 OK in 22ms (Views: 20.6ms | ActiveRecord: 0.0ms)


Started GET "/machines/new" for 127.0.0.1 at 2018-06-08 16:26:03 +0700
Processing by MachinesController#new as HTML
  Rendering machines/new.html.erb within layouts/application
  Rendered machines/new.html.erb within layouts/application (2.2ms)
Completed 200 OK in 17ms (Views: 15.6ms | ActiveRecord: 0.0ms)


Started GET "/machines/new" for 127.0.0.1 at 2018-06-08 16:26:03 +0700
Processing by MachinesController#new as HTML
  Rendering machines/new.html.erb within layouts/application
  Rendered machines/new.html.erb within layouts/application (2.5ms)
Completed 200 OK in 18ms (Views: 16.6ms | ActiveRecord: 0.0ms)


  [1m[36mMachine Load (0.4ms)[0m  [1m[34mSELECT  "machines".* FROM "machines" ORDER BY "machines"."id" ASC LIMIT ?[0m  [["LIMIT", 1]]
  [1m[36mPart Load (0.1ms)[0m  [1m[34mSELECT  "parts".* FROM "parts" WHERE "parts"."machine_id" = ? LIMIT ?[0m  [["machine_id", 1], ["LIMIT", 11]]
  [1m[35m (0.2ms)[0m  [1m[36mbegin transaction[0m
  [1m[36mPart Create (0.5ms)[0m  [1m[32mINSERT INTO "parts" ("name", "machine_id", "created_at", "updated_at") VALUES (?, ?, ?, ?)[0m  [["name", "part01"], ["machine_id", 1], ["created_at", "2018-06-08 09:27:24.723855"], ["updated_at", "2018-06-08 09:27:24.723855"]]
  [1m[35m (71.3ms)[0m  [1m[36mcommit transaction[0m
Started GET "/machines/new" for 127.0.0.1 at 2018-06-08 16:27:41 +0700
Processing by MachinesController#new as HTML
  Rendering machines/new.html.erb within layouts/application
  Rendered machines/new.html.erb within layouts/application (7.2ms)
Completed 200 OK in 21ms (Views: 19.5ms | ActiveRecord: 0.0ms)


Started GET "/machines/new" for 127.0.0.1 at 2018-06-08 16:27:43 +0700
Processing by MachinesController#new as HTML
  Rendering machines/new.html.erb within layouts/application
  Rendered machines/new.html.erb within layouts/application (3.0ms)
Completed 200 OK in 17ms (Views: 15.7ms | ActiveRecord: 0.0ms)


Started GET "/machines/new" for 127.0.0.1 at 2018-06-08 16:27:56 +0700
Processing by MachinesController#new as HTML
  Rendering machines/new.html.erb within layouts/application
  Rendered machines/new.html.erb within layouts/application (2.6ms)
Completed 200 OK in 17ms (Views: 16.2ms | ActiveRecord: 0.0ms)


Started GET "/machines/new" for 127.0.0.1 at 2018-06-08 16:27:57 +0700
Processing by MachinesController#new as HTML
  Rendering machines/new.html.erb within layouts/application
  Rendered machines/new.html.erb within layouts/application (3.2ms)
Completed 200 OK in 19ms (Views: 17.3ms | ActiveRecord: 0.0ms)


Started GET "/machines/new" for 127.0.0.1 at 2018-06-08 16:27:57 +0700
Processing by MachinesController#new as HTML
  Rendering machines/new.html.erb within layouts/application
  Rendered machines/new.html.erb within layouts/application (2.3ms)
Completed 200 OK in 16ms (Views: 14.7ms | ActiveRecord: 0.0ms)


Started GET "/machines/new" for 127.0.0.1 at 2018-06-08 16:27:57 +0700
Processing by MachinesController#new as HTML
  Rendering machines/new.html.erb within layouts/application
  Rendered machines/new.html.erb within layouts/application (2.6ms)
Completed 200 OK in 21ms (Views: 20.0ms | ActiveRecord: 0.0ms)


Started GET "/machines/new" for 127.0.0.1 at 2018-06-08 16:27:57 +0700
Processing by MachinesController#new as HTML
  Rendering machines/new.html.erb within layouts/application
  Rendered machines/new.html.erb within layouts/application (3.5ms)
Completed 200 OK in 19ms (Views: 16.6ms | ActiveRecord: 0.0ms)


Started GET "/machines/new" for 127.0.0.1 at 2018-06-08 16:27:57 +0700
Processing by MachinesController#new as HTML
  Rendering machines/new.html.erb within layouts/application
  Rendered machines/new.html.erb within layouts/application (2.5ms)
Completed 200 OK in 17ms (Views: 15.4ms | ActiveRecord: 0.0ms)


Started GET "/machines/new" for 127.0.0.1 at 2018-06-08 16:27:58 +0700
Processing by MachinesController#new as HTML
  Rendering machines/new.html.erb within layouts/application
  Rendered machines/new.html.erb within layouts/application (3.1ms)
Completed 200 OK in 17ms (Views: 15.6ms | ActiveRecord: 0.0ms)


Started GET "/machines/new" for 127.0.0.1 at 2018-06-08 16:27:58 +0700
Processing by MachinesController#new as HTML
  Rendering machines/new.html.erb within layouts/application
  Rendered machines/new.html.erb within layouts/application (2.2ms)
Completed 200 OK in 18ms (Views: 16.0ms | ActiveRecord: 0.0ms)


Started GET "/machines/new" for 127.0.0.1 at 2018-06-08 16:27:58 +0700
Processing by MachinesController#new as HTML
  Rendering machines/new.html.erb within layouts/application
  Rendered machines/new.html.erb within layouts/application (2.6ms)
Completed 200 OK in 22ms (Views: 21.0ms | ActiveRecord: 0.0ms)


Started GET "/machines/new" for 127.0.0.1 at 2018-06-08 16:27:58 +0700
Processing by MachinesController#new as HTML
  Rendering machines/new.html.erb within layouts/application
  Rendered machines/new.html.erb within layouts/application (2.7ms)
Completed 200 OK in 18ms (Views: 16.4ms | ActiveRecord: 0.0ms)


Started GET "/machines/new" for 127.0.0.1 at 2018-06-08 16:27:58 +0700
Processing by MachinesController#new as HTML
  Rendering machines/new.html.erb within layouts/application
  Rendered machines/new.html.erb within layouts/application (2.3ms)
Completed 200 OK in 17ms (Views: 15.8ms | ActiveRecord: 0.0ms)


Started GET "/machines/new" for 127.0.0.1 at 2018-06-08 16:27:59 +0700
Processing by MachinesController#new as HTML
  Rendering machines/new.html.erb within layouts/application
  Rendered machines/new.html.erb within layouts/application (3.9ms)
Completed 200 OK in 21ms (Views: 19.5ms | ActiveRecord: 0.0ms)


  [1m[36mPart Load (0.5ms)[0m  [1m[34mSELECT  "parts".* FROM "parts" LIMIT ?[0m  [["LIMIT", 11]]
  [1m[35m (0.2ms)[0m  [1m[36mbegin transaction[0m
  [1m[36mPart Create (0.6ms)[0m  [1m[32mINSERT INTO "parts" ("name", "machine_id", "created_at", "updated_at") VALUES (?, ?, ?, ?)[0m  [["name", "part02"], ["machine_id", 1], ["created_at", "2018-06-08 09:28:32.956681"], ["updated_at", "2018-06-08 09:28:32.956681"]]
  [1m[35m (56.8ms)[0m  [1m[36mcommit transaction[0m
  [1m[36mPart Load (0.3ms)[0m  [1m[34mSELECT  "parts".* FROM "parts" LIMIT ?[0m  [["LIMIT", 11]]
Started GET "/machines/new" for 127.0.0.1 at 2018-06-08 16:28:41 +0700
Processing by MachinesController#new as HTML
  Rendering machines/new.html.erb within layouts/application
  Rendered machines/new.html.erb within layouts/application (3.0ms)
Completed 200 OK in 17ms (Views: 15.4ms | ActiveRecord: 0.0ms)


Started GET "/machines/new" for 127.0.0.1 at 2018-06-08 16:28:42 +0700
Processing by MachinesController#new as HTML
  Rendering machines/new.html.erb within layouts/application
  Rendered machines/new.html.erb within layouts/application (4.2ms)
Completed 200 OK in 26ms (Views: 24.1ms | ActiveRecord: 0.0ms)


Started GET "/machines/new" for 127.0.0.1 at 2018-06-08 16:28:43 +0700
Processing by MachinesController#new as HTML
  Rendering machines/new.html.erb within layouts/application
  Rendered machines/new.html.erb within layouts/application (2.5ms)
Completed 200 OK in 21ms (Views: 19.5ms | ActiveRecord: 0.0ms)


Started GET "/machines/new" for 127.0.0.1 at 2018-06-08 16:28:43 +0700
Processing by MachinesController#new as HTML
  Rendering machines/new.html.erb within layouts/application
  Rendered machines/new.html.erb within layouts/application (6.8ms)
Completed 200 OK in 33ms (Views: 31.8ms | ActiveRecord: 0.0ms)


Started GET "/machines/new" for 127.0.0.1 at 2018-06-08 16:28:43 +0700
Processing by MachinesController#new as HTML
  Rendering machines/new.html.erb within layouts/application
  Rendered machines/new.html.erb within layouts/application (2.4ms)
Completed 200 OK in 16ms (Views: 15.2ms | ActiveRecord: 0.0ms)


Started GET "/machines/new" for 127.0.0.1 at 2018-06-08 16:28:43 +0700
Processing by MachinesController#new as HTML
  Rendering machines/new.html.erb within layouts/application
  Rendered machines/new.html.erb within layouts/application (3.7ms)
Completed 200 OK in 18ms (Views: 15.7ms | ActiveRecord: 0.0ms)


Started GET "/machines/new" for 127.0.0.1 at 2018-06-08 16:28:43 +0700
Processing by MachinesController#new as HTML
  Rendering machines/new.html.erb within layouts/application
  Rendered machines/new.html.erb within layouts/application (2.7ms)
Completed 200 OK in 18ms (Views: 16.8ms | ActiveRecord: 0.0ms)


Started GET "/machines/new" for 127.0.0.1 at 2018-06-08 16:30:55 +0700
Processing by MachinesController#new as HTML
  Rendering machines/new.html.erb within layouts/application
  Rendered machines/new.html.erb within layouts/application (5.4ms)
Completed 200 OK in 19ms (Views: 17.4ms | ActiveRecord: 0.0ms)


Started GET "/machines/new" for 127.0.0.1 at 2018-06-08 16:30:57 +0700
Processing by MachinesController#new as HTML
  Rendering machines/new.html.erb within layouts/application
  Rendered machines/new.html.erb within layouts/application (3.6ms)
Completed 200 OK in 18ms (Views: 16.6ms | ActiveRecord: 0.0ms)


Started GET "/machines/new" for 127.0.0.1 at 2018-06-08 16:30:57 +0700
Processing by MachinesController#new as HTML
  Rendering machines/new.html.erb within layouts/application
  Rendered machines/new.html.erb within layouts/application (9.4ms)
Completed 200 OK in 21ms (Views: 20.1ms | ActiveRecord: 0.0ms)


Started GET "/machines/new" for 127.0.0.1 at 2018-06-08 16:30:57 +0700
Processing by MachinesController#new as HTML
  Rendering machines/new.html.erb within layouts/application
  Rendered machines/new.html.erb within layouts/application (5.3ms)
Completed 200 OK in 20ms (Views: 18.0ms | ActiveRecord: 0.0ms)


Started GET "/machines/new" for 127.0.0.1 at 2018-06-08 16:30:57 +0700
Processing by MachinesController#new as HTML
  Rendering machines/new.html.erb within layouts/application
  Rendered machines/new.html.erb within layouts/application (4.6ms)
Completed 200 OK in 21ms (Views: 19.3ms | ActiveRecord: 0.0ms)


Started GET "/machines/new" for 127.0.0.1 at 2018-06-08 16:30:58 +0700
Processing by MachinesController#new as HTML
  Rendering machines/new.html.erb within layouts/application
  Rendered machines/new.html.erb within layouts/application (4.3ms)
Completed 200 OK in 18ms (Views: 16.8ms | ActiveRecord: 0.0ms)


Started GET "/machines/new" for 127.0.0.1 at 2018-06-08 16:30:58 +0700
Processing by MachinesController#new as HTML
  Rendering machines/new.html.erb within layouts/application
  Rendered machines/new.html.erb within layouts/application (4.3ms)
Completed 200 OK in 17ms (Views: 16.2ms | ActiveRecord: 0.0ms)


Started GET "/machines/new" for 127.0.0.1 at 2018-06-08 16:30:58 +0700
Processing by MachinesController#new as HTML
  Rendering machines/new.html.erb within layouts/application
  Rendered machines/new.html.erb within layouts/application (4.2ms)
Completed 200 OK in 23ms (Views: 21.8ms | ActiveRecord: 0.0ms)


Started GET "/machines/new" for 127.0.0.1 at 2018-06-08 16:36:54 +0700
Processing by MachinesController#new as HTML
  Rendering machines/new.html.erb within layouts/application
  Rendered machines/new.html.erb within layouts/application (6.1ms)
Completed 200 OK in 33ms (Views: 21.0ms | ActiveRecord: 1.0ms)


Started GET "/machines/new" for 127.0.0.1 at 2018-06-08 16:36:56 +0700
Processing by MachinesController#new as HTML
  Rendering machines/new.html.erb within layouts/application
  Rendered machines/new.html.erb within layouts/application (5.3ms)
Completed 200 OK in 21ms (Views: 19.7ms | ActiveRecord: 0.0ms)


Started GET "/machines/new" for 127.0.0.1 at 2018-06-08 16:36:57 +0700
Processing by MachinesController#new as HTML
  Rendering machines/new.html.erb within layouts/application
  Rendered machines/new.html.erb within layouts/application (15.4ms)
Completed 200 OK in 43ms (Views: 41.3ms | ActiveRecord: 0.0ms)


Started GET "/machines/new" for 127.0.0.1 at 2018-06-08 16:36:58 +0700
Processing by MachinesController#new as HTML
  Rendering machines/new.html.erb within layouts/application
  Rendered machines/new.html.erb within layouts/application (6.8ms)
Completed 200 OK in 27ms (Views: 19.3ms | ActiveRecord: 0.0ms)


Started GET "/dfsd" for 127.0.0.1 at 2018-06-08 16:42:46 +0700
  
ActionController::RoutingError (No route matches [GET] "/dfsd"):
  
actionpack (5.2.0) lib/action_dispatch/middleware/debug_exceptions.rb:65:in `call'
web-console (3.6.2) lib/web_console/middleware.rb:135:in `call_app'
web-console (3.6.2) lib/web_console/middleware.rb:30:in `block in call'
web-console (3.6.2) lib/web_console/middleware.rb:20:in `catch'
web-console (3.6.2) lib/web_console/middleware.rb:20:in `call'
actionpack (5.2.0) lib/action_dispatch/middleware/show_exceptions.rb:33:in `call'
railties (5.2.0) lib/rails/rack/logger.rb:38:in `call_app'
railties (5.2.0) lib/rails/rack/logger.rb:26:in `block in call'
activesupport (5.2.0) lib/active_support/tagged_logging.rb:71:in `block in tagged'
activesupport (5.2.0) lib/active_support/tagged_logging.rb:28:in `tagged'
activesupport (5.2.0) lib/active_support/tagged_logging.rb:71:in `tagged'
railties (5.2.0) lib/rails/rack/logger.rb:26:in `call'
sprockets-rails (3.2.1) lib/sprockets/rails/quiet_assets.rb:13:in `call'
actionpack (5.2.0) lib/action_dispatch/middleware/remote_ip.rb:81:in `call'
actionpack (5.2.0) lib/action_dispatch/middleware/request_id.rb:27:in `call'
rack (2.0.5) lib/rack/method_override.rb:22:in `call'
rack (2.0.5) lib/rack/runtime.rb:22:in `call'
activesupport (5.2.0) lib/active_support/cache/strategy/local_cache_middleware.rb:29:in `call'
actionpack (5.2.0) lib/action_dispatch/middleware/executor.rb:14:in `call'
actionpack (5.2.0) lib/action_dispatch/middleware/static.rb:127:in `call'
rack (2.0.5) lib/rack/sendfile.rb:111:in `call'
railties (5.2.0) lib/rails/engine.rb:524:in `call'
puma (3.11.4) lib/puma/configuration.rb:225:in `call'
puma (3.11.4) lib/puma/server.rb:632:in `handle_request'
puma (3.11.4) lib/puma/server.rb:446:in `process_client'
puma (3.11.4) lib/puma/server.rb:306:in `block in run'
puma (3.11.4) lib/puma/thread_pool.rb:120:in `block in spawn_thread'
Started GET "/machines/new" for 127.0.0.1 at 2018-06-08 16:43:07 +0700
Processing by MachinesController#new as HTML
Completed 500 Internal Server Error in 9ms (ActiveRecord: 0.5ms)


  
NameError (uninitialized class variable @@count in MachinesController
Did you mean?  @@acount):
  
app/controllers/machines_controller.rb:5:in `new'
Started GET "/machines/new" for 127.0.0.1 at 2018-06-08 16:43:28 +0700
Processing by MachinesController#new as HTML
  Rendering machines/new.html.erb within layouts/application
  Rendered machines/new.html.erb within layouts/application (4.4ms)
Completed 500 Internal Server Error in 17ms (ActiveRecord: 0.9ms)


  
ActionView::Template::Error (No route matches {:action=>"create_new_part", :controller=>"machines"}, missing required keys: [:machine_id]):
    3:   <%= m.simple_fields_for :parts do |p|%>
    4: 
    5:     <%= p.input :name%>
    6:     <%= link_to "Create New Part", machine_create_new_part_path%>
    7:   <%end%>
    8: 
    9: <%end%>
  
app/views/machines/new.html.erb:6:in `block (2 levels) in _app_views_machines_new_html_erb__3514400771782255525_70253655863140'
app/views/machines/new.html.erb:3:in `block in _app_views_machines_new_html_erb__3514400771782255525_70253655863140'
app/views/machines/new.html.erb:1:in `_app_views_machines_new_html_erb__3514400771782255525_70253655863140'
Started GET "/machines/new" for 127.0.0.1 at 2018-06-08 16:43:52 +0700
Processing by MachinesController#new as HTML
  Rendering machines/new.html.erb within layouts/application
  Rendered machines/new.html.erb within layouts/application (4.6ms)
Completed 500 Internal Server Error in 16ms (ActiveRecord: 0.8ms)


  
ActionView::Template::Error (No route matches {:action=>"create_new_part", :controller=>"machines"}, missing required keys: [:machine_id]):
    3:   <%= m.simple_fields_for :parts do |p|%>
    4: 
    5:     <%= p.input :name%>
    6:     <%= link_to "Create New Part", machine_create_new_part_path%>
    7:   <%end%>
    8: 
    9: <%end%>
  
app/views/machines/new.html.erb:6:in `block (2 levels) in _app_views_machines_new_html_erb__3514400771782255525_70253659988580'
app/views/machines/new.html.erb:3:in `block in _app_views_machines_new_html_erb__3514400771782255525_70253659988580'
app/views/machines/new.html.erb:1:in `_app_views_machines_new_html_erb__3514400771782255525_70253659988580'
Started GET "/machines/new" for 127.0.0.1 at 2018-06-08 16:44:00 +0700
Processing by MachinesController#new as HTML
  Rendering machines/new.html.erb within layouts/application
  Rendered machines/new.html.erb within layouts/application (4.0ms)
Completed 500 Internal Server Error in 6ms (ActiveRecord: 0.0ms)


  
ActionView::Template::Error (No route matches {:action=>"create_new_part", :controller=>"machines"}, missing required keys: [:machine_id]):
    3:   <%= m.simple_fields_for :parts do |p|%>
    4: 
    5:     <%= p.input :name%>
    6:     <%= link_to "Create New Part", machine_create_new_part_path%>
    7:   <%end%>
    8: 
    9: <%end%>
  
app/views/machines/new.html.erb:6:in `block (2 levels) in _app_views_machines_new_html_erb__3514400771782255525_70253765397880'
app/views/machines/new.html.erb:3:in `block in _app_views_machines_new_html_erb__3514400771782255525_70253765397880'
app/views/machines/new.html.erb:1:in `_app_views_machines_new_html_erb__3514400771782255525_70253765397880'
Started GET "/machines/new" for 127.0.0.1 at 2018-06-08 16:44:00 +0700
Processing by MachinesController#new as HTML
  Rendering machines/new.html.erb within layouts/application
  Rendered machines/new.html.erb within layouts/application (4.7ms)
Completed 500 Internal Server Error in 7ms (ActiveRecord: 0.0ms)


  
ActionView::Template::Error (No route matches {:action=>"create_new_part", :controller=>"machines"}, missing required keys: [:machine_id]):
    3:   <%= m.simple_fields_for :parts do |p|%>
    4: 
    5:     <%= p.input :name%>
    6:     <%= link_to "Create New Part", machine_create_new_part_path%>
    7:   <%end%>
    8: 
    9: <%end%>
  
app/views/machines/new.html.erb:6:in `block (2 levels) in _app_views_machines_new_html_erb__3514400771782255525_70253655800680'
app/views/machines/new.html.erb:3:in `block in _app_views_machines_new_html_erb__3514400771782255525_70253655800680'
app/views/machines/new.html.erb:1:in `_app_views_machines_new_html_erb__3514400771782255525_70253655800680'
Started GET "/machines/new" for 127.0.0.1 at 2018-06-08 16:44:00 +0700
Processing by MachinesController#new as HTML
  Rendering machines/new.html.erb within layouts/application
  Rendered machines/new.html.erb within layouts/application (4.0ms)
Completed 500 Internal Server Error in 8ms (ActiveRecord: 0.0ms)


  
ActionView::Template::Error (No route matches {:action=>"create_new_part", :controller=>"machines"}, missing required keys: [:machine_id]):
    3:   <%= m.simple_fields_for :parts do |p|%>
    4: 
    5:     <%= p.input :name%>
    6:     <%= link_to "Create New Part", machine_create_new_part_path%>
    7:   <%end%>
    8: 
    9: <%end%>
  
app/views/machines/new.html.erb:6:in `block (2 levels) in _app_views_machines_new_html_erb__3514400771782255525_70253658815260'
app/views/machines/new.html.erb:3:in `block in _app_views_machines_new_html_erb__3514400771782255525_70253658815260'
app/views/machines/new.html.erb:1:in `_app_views_machines_new_html_erb__3514400771782255525_70253658815260'
Started GET "/machines/new" for 127.0.0.1 at 2018-06-08 16:44:00 +0700
Processing by MachinesController#new as HTML
  Rendering machines/new.html.erb within layouts/application
  Rendered machines/new.html.erb within layouts/application (5.4ms)
Completed 500 Internal Server Error in 13ms (ActiveRecord: 0.0ms)


  
ActionView::Template::Error (No route matches {:action=>"create_new_part", :controller=>"machines"}, missing required keys: [:machine_id]):
    3:   <%= m.simple_fields_for :parts do |p|%>
    4: 
    5:     <%= p.input :name%>
    6:     <%= link_to "Create New Part", machine_create_new_part_path%>
    7:   <%end%>
    8: 
    9: <%end%>
  
app/views/machines/new.html.erb:6:in `block (2 levels) in _app_views_machines_new_html_erb__3514400771782255525_70253760071020'
app/views/machines/new.html.erb:3:in `block in _app_views_machines_new_html_erb__3514400771782255525_70253760071020'
app/views/machines/new.html.erb:1:in `_app_views_machines_new_html_erb__3514400771782255525_70253760071020'
Started GET "/machines/new" for 127.0.0.1 at 2018-06-08 16:44:01 +0700
Processing by MachinesController#new as HTML
  Rendering machines/new.html.erb within layouts/application
  Rendered machines/new.html.erb within layouts/application (6.0ms)
Completed 500 Internal Server Error in 9ms (ActiveRecord: 0.0ms)


  
ActionView::Template::Error (No route matches {:action=>"create_new_part", :controller=>"machines"}, missing required keys: [:machine_id]):
    3:   <%= m.simple_fields_for :parts do |p|%>
    4: 
    5:     <%= p.input :name%>
    6:     <%= link_to "Create New Part", machine_create_new_part_path%>
    7:   <%end%>
    8: 
    9: <%end%>
  
app/views/machines/new.html.erb:6:in `block (2 levels) in _app_views_machines_new_html_erb__3514400771782255525_70253688045600'
app/views/machines/new.html.erb:3:in `block in _app_views_machines_new_html_erb__3514400771782255525_70253688045600'
app/views/machines/new.html.erb:1:in `_app_views_machines_new_html_erb__3514400771782255525_70253688045600'
Started GET "/machines/new" for 127.0.0.1 at 2018-06-08 16:44:01 +0700
Processing by MachinesController#new as HTML
  Rendering machines/new.html.erb within layouts/application
  Rendered machines/new.html.erb within layouts/application (5.1ms)
Completed 500 Internal Server Error in 8ms (ActiveRecord: 0.0ms)


  
ActionView::Template::Error (No route matches {:action=>"create_new_part", :controller=>"machines"}, missing required keys: [:machine_id]):
    3:   <%= m.simple_fields_for :parts do |p|%>
    4: 
    5:     <%= p.input :name%>
    6:     <%= link_to "Create New Part", machine_create_new_part_path%>
    7:   <%end%>
    8: 
    9: <%end%>
  
app/views/machines/new.html.erb:6:in `block (2 levels) in _app_views_machines_new_html_erb__3514400771782255525_70253657208960'
app/views/machines/new.html.erb:3:in `block in _app_views_machines_new_html_erb__3514400771782255525_70253657208960'
app/views/machines/new.html.erb:1:in `_app_views_machines_new_html_erb__3514400771782255525_70253657208960'
Started GET "/machines/new" for 127.0.0.1 at 2018-06-08 16:44:01 +0700
Processing by MachinesController#new as HTML
  Rendering machines/new.html.erb within layouts/application
  Rendered machines/new.html.erb within layouts/application (9.4ms)
Completed 500 Internal Server Error in 12ms (ActiveRecord: 0.0ms)


  
ActionView::Template::Error (No route matches {:action=>"create_new_part", :controller=>"machines"}, missing required keys: [:machine_id]):
    3:   <%= m.simple_fields_for :parts do |p|%>
    4: 
    5:     <%= p.input :name%>
    6:     <%= link_to "Create New Part", machine_create_new_part_path%>
    7:   <%end%>
    8: 
    9: <%end%>
  
app/views/machines/new.html.erb:6:in `block (2 levels) in _app_views_machines_new_html_erb__3514400771782255525_14439020'
app/views/machines/new.html.erb:3:in `block in _app_views_machines_new_html_erb__3514400771782255525_14439020'
app/views/machines/new.html.erb:1:in `_app_views_machines_new_html_erb__3514400771782255525_14439020'
Started GET "/machines/new" for 127.0.0.1 at 2018-06-08 16:44:11 +0700
  
NameError (undefined local variable or method `on' for #<ActionDispatch::Routing::Mapper:0x00007fca759d9b70>):
  
config/routes.rb:3:in `block (2 levels) in <main>'
config/routes.rb:2:in `block in <main>'
config/routes.rb:1:in `<main>'
Started GET "/machines/new" for 127.0.0.1 at 2018-06-08 16:44:18 +0700
Processing by MachinesController#new as HTML
  Rendering machines/new.html.erb within layouts/application
  Rendered machines/new.html.erb within layouts/application (186.3ms)
Completed 500 Internal Server Error in 199ms (ActiveRecord: 1.0ms)


  
ActionView::Template::Error (undefined local variable or method `machine_create_new_part_path' for #<#<Class:0x00007fca689aa008>:0x00007fca689a8668>):
    3:   <%= m.simple_fields_for :parts do |p|%>
    4: 
    5:     <%= p.input :name%>
    6:     <%= link_to "Create New Part", machine_create_new_part_path%>
    7:   <%end%>
    8: 
    9: <%end%>
  
app/views/machines/new.html.erb:6:in `block (2 levels) in _app_views_machines_new_html_erb__3514400771782255525_70253657543720'
app/views/machines/new.html.erb:3:in `block in _app_views_machines_new_html_erb__3514400771782255525_70253657543720'
app/views/machines/new.html.erb:1:in `_app_views_machines_new_html_erb__3514400771782255525_70253657543720'
Started GET "/dfsd" for 127.0.0.1 at 2018-06-08 16:44:49 +0700
  
ActionController::RoutingError (No route matches [GET] "/dfsd"):
  
actionpack (5.2.0) lib/action_dispatch/middleware/debug_exceptions.rb:65:in `call'
web-console (3.6.2) lib/web_console/middleware.rb:135:in `call_app'
web-console (3.6.2) lib/web_console/middleware.rb:30:in `block in call'
web-console (3.6.2) lib/web_console/middleware.rb:20:in `catch'
web-console (3.6.2) lib/web_console/middleware.rb:20:in `call'
actionpack (5.2.0) lib/action_dispatch/middleware/show_exceptions.rb:33:in `call'
railties (5.2.0) lib/rails/rack/logger.rb:38:in `call_app'
railties (5.2.0) lib/rails/rack/logger.rb:26:in `block in call'
activesupport (5.2.0) lib/active_support/tagged_logging.rb:71:in `block in tagged'
activesupport (5.2.0) lib/active_support/tagged_logging.rb:28:in `tagged'
activesupport (5.2.0) lib/active_support/tagged_logging.rb:71:in `tagged'
railties (5.2.0) lib/rails/rack/logger.rb:26:in `call'
sprockets-rails (3.2.1) lib/sprockets/rails/quiet_assets.rb:13:in `call'
actionpack (5.2.0) lib/action_dispatch/middleware/remote_ip.rb:81:in `call'
actionpack (5.2.0) lib/action_dispatch/middleware/request_id.rb:27:in `call'
rack (2.0.5) lib/rack/method_override.rb:22:in `call'
rack (2.0.5) lib/rack/runtime.rb:22:in `call'
activesupport (5.2.0) lib/active_support/cache/strategy/local_cache_middleware.rb:29:in `call'
actionpack (5.2.0) lib/action_dispatch/middleware/executor.rb:14:in `call'
actionpack (5.2.0) lib/action_dispatch/middleware/static.rb:127:in `call'
rack (2.0.5) lib/rack/sendfile.rb:111:in `call'
railties (5.2.0) lib/rails/engine.rb:524:in `call'
puma (3.11.4) lib/puma/configuration.rb:225:in `call'
puma (3.11.4) lib/puma/server.rb:632:in `handle_request'
puma (3.11.4) lib/puma/server.rb:446:in `process_client'
puma (3.11.4) lib/puma/server.rb:306:in `block in run'
puma (3.11.4) lib/puma/thread_pool.rb:120:in `block in spawn_thread'
Started GET "/dfsd" for 127.0.0.1 at 2018-06-08 16:45:07 +0700
  
ActionController::RoutingError (No route matches [GET] "/dfsd"):
  
actionpack (5.2.0) lib/action_dispatch/middleware/debug_exceptions.rb:65:in `call'
web-console (3.6.2) lib/web_console/middleware.rb:135:in `call_app'
web-console (3.6.2) lib/web_console/middleware.rb:30:in `block in call'
web-console (3.6.2) lib/web_console/middleware.rb:20:in `catch'
web-console (3.6.2) lib/web_console/middleware.rb:20:in `call'
actionpack (5.2.0) lib/action_dispatch/middleware/show_exceptions.rb:33:in `call'
railties (5.2.0) lib/rails/rack/logger.rb:38:in `call_app'
railties (5.2.0) lib/rails/rack/logger.rb:26:in `block in call'
activesupport (5.2.0) lib/active_support/tagged_logging.rb:71:in `block in tagged'
activesupport (5.2.0) lib/active_support/tagged_logging.rb:28:in `tagged'
activesupport (5.2.0) lib/active_support/tagged_logging.rb:71:in `tagged'
railties (5.2.0) lib/rails/rack/logger.rb:26:in `call'
sprockets-rails (3.2.1) lib/sprockets/rails/quiet_assets.rb:13:in `call'
actionpack (5.2.0) lib/action_dispatch/middleware/remote_ip.rb:81:in `call'
actionpack (5.2.0) lib/action_dispatch/middleware/request_id.rb:27:in `call'
rack (2.0.5) lib/rack/method_override.rb:22:in `call'
rack (2.0.5) lib/rack/runtime.rb:22:in `call'
activesupport (5.2.0) lib/active_support/cache/strategy/local_cache_middleware.rb:29:in `call'
actionpack (5.2.0) lib/action_dispatch/middleware/executor.rb:14:in `call'
actionpack (5.2.0) lib/action_dispatch/middleware/static.rb:127:in `call'
rack (2.0.5) lib/rack/sendfile.rb:111:in `call'
railties (5.2.0) lib/rails/engine.rb:524:in `call'
puma (3.11.4) lib/puma/configuration.rb:225:in `call'
puma (3.11.4) lib/puma/server.rb:632:in `handle_request'
puma (3.11.4) lib/puma/server.rb:446:in `process_client'
puma (3.11.4) lib/puma/server.rb:306:in `block in run'
puma (3.11.4) lib/puma/thread_pool.rb:120:in `block in spawn_thread'
Started GET "/machines/new" for 127.0.0.1 at 2018-06-08 16:45:10 +0700
Processing by MachinesController#new as HTML
  Rendering machines/new.html.erb within layouts/application
  Rendered machines/new.html.erb within layouts/application (5.0ms)
Completed 200 OK in 22ms (Views: 20.4ms | ActiveRecord: 0.0ms)


Started GET "/machines/create_new_part" for 127.0.0.1 at 2018-06-08 16:45:20 +0700
Processing by MachinesController#create_new_part as HTML
  Rendering machines/new.html.erb within layouts/application
  Rendered machines/new.html.erb within layouts/application (3.6ms)
Completed 500 Internal Server Error in 6ms (ActiveRecord: 0.0ms)


  
ActionView::Template::Error (undefined method `model_name' for nil:NilClass):
    1: <%= simple_form_for @machine do |m| %>
    2:      <%= m.input :name%>
    3:   <%= m.simple_fields_for :parts do |p|%>
    4: 
  
app/views/machines/new.html.erb:1:in `_app_views_machines_new_html_erb__3514400771782255525_70253770787060'
app/controllers/machines_controller.rb:14:in `create_new_part'
Started PUT "/__web_console/repl_sessions/3a2025f0ac779ba352d4420a89a4998f" for 127.0.0.1 at 2018-06-08 16:46:03 +0700
Started PUT "/__web_console/repl_sessions/3a2025f0ac779ba352d4420a89a4998f" for 127.0.0.1 at 2018-06-08 16:46:03 +0700
Started PUT "/__web_console/repl_sessions/3a2025f0ac779ba352d4420a89a4998f" for 127.0.0.1 at 2018-06-08 16:46:28 +0700
Started PUT "/__web_console/repl_sessions/3a2025f0ac779ba352d4420a89a4998f" for 127.0.0.1 at 2018-06-08 16:46:29 +0700
Started GET "/machines/create_new_part" for 127.0.0.1 at 2018-06-08 16:47:09 +0700
Processing by MachinesController#create_new_part as HTML
  Rendering machines/new.html.erb within layouts/application
  Rendered machines/new.html.erb within layouts/application (2.1ms)
Completed 500 Internal Server Error in 5ms (ActiveRecord: 0.0ms)


  
ActionView::Template::Error (undefined method `model_name' for nil:NilClass):
    1: <%= simple_form_for @machine do |m| %>
    2:      <%= m.input :name%>
    3:   <%= m.simple_fields_for :parts do |p|%>
    4: 
  
app/views/machines/new.html.erb:1:in `_app_views_machines_new_html_erb__3514400771782255525_70253657600240'
app/controllers/machines_controller.rb:14:in `create_new_part'
Started GET "/machines/create_new_part" for 127.0.0.1 at 2018-06-08 16:47:17 +0700
Processing by MachinesController#create_new_part as HTML
  Rendering machines/new.html.erb within layouts/application
  Rendered machines/new.html.erb within layouts/application (2.0ms)
Completed 500 Internal Server Error in 4ms (ActiveRecord: 0.0ms)


  
ActionView::Template::Error (undefined method `model_name' for nil:NilClass):
    1: <%= simple_form_for @machine do |m| %>
    2:      <%= m.input :name%>
    3:   <%= m.simple_fields_for :parts do |p|%>
    4: 
  
app/views/machines/new.html.erb:1:in `_app_views_machines_new_html_erb__3514400771782255525_70253656356260'
app/controllers/machines_controller.rb:14:in `create_new_part'
Started GET "/machines/create_new_part" for 127.0.0.1 at 2018-06-08 16:47:17 +0700
Processing by MachinesController#create_new_part as HTML
  Rendering machines/new.html.erb within layouts/application
  Rendered machines/new.html.erb within layouts/application (3.0ms)
Completed 500 Internal Server Error in 5ms (ActiveRecord: 0.0ms)


  
ActionView::Template::Error (undefined method `model_name' for nil:NilClass):
    1: <%= simple_form_for @machine do |m| %>
    2:      <%= m.input :name%>
    3:   <%= m.simple_fields_for :parts do |p|%>
    4: 
  
app/views/machines/new.html.erb:1:in `_app_views_machines_new_html_erb__3514400771782255525_70253763352340'
app/controllers/machines_controller.rb:14:in `create_new_part'
Started GET "/machines/create_new_part" for 127.0.0.1 at 2018-06-08 16:47:18 +0700
Processing by MachinesController#create_new_part as HTML
  Rendering machines/new.html.erb within layouts/application
  Rendered machines/new.html.erb within layouts/application (1.8ms)
Completed 500 Internal Server Error in 4ms (ActiveRecord: 0.0ms)


  
ActionView::Template::Error (undefined method `model_name' for nil:NilClass):
    1: <%= simple_form_for @machine do |m| %>
    2:      <%= m.input :name%>
    3:   <%= m.simple_fields_for :parts do |p|%>
    4: 
  
app/views/machines/new.html.erb:1:in `_app_views_machines_new_html_erb__3514400771782255525_70253658365860'
app/controllers/machines_controller.rb:14:in `create_new_part'
Started GET "/machines/create_new_part" for 127.0.0.1 at 2018-06-08 16:48:39 +0700
Processing by MachinesController#create_new_part as HTML
  Rendering machines/new.html.erb within layouts/application
  Rendered machines/new.html.erb within layouts/application (1.8ms)
Completed 500 Internal Server Error in 3ms (ActiveRecord: 0.0ms)


  
ActionView::Template::Error (undefined method `model_name' for nil:NilClass):
    1: <%= simple_form_for @machine do |m| %>
    2:      <%= m.input :name%>
    3:   <%= m.simple_fields_for :parts do |p|%>
    4: 
  
app/views/machines/new.html.erb:1:in `_app_views_machines_new_html_erb__3514400771782255525_70253765014120'
app/controllers/machines_controller.rb:14:in `create_new_part'
Started GET "/machines/create_new_part" for 127.0.0.1 at 2018-06-08 16:48:40 +0700
Processing by MachinesController#create_new_part as HTML
  Rendering machines/new.html.erb within layouts/application
  Rendered machines/new.html.erb within layouts/application (1.9ms)
Completed 500 Internal Server Error in 3ms (ActiveRecord: 0.0ms)


  
ActionView::Template::Error (undefined method `model_name' for nil:NilClass):
    1: <%= simple_form_for @machine do |m| %>
    2:      <%= m.input :name%>
    3:   <%= m.simple_fields_for :parts do |p|%>
    4: 
  
app/views/machines/new.html.erb:1:in `_app_views_machines_new_html_erb__3514400771782255525_70253659016540'
app/controllers/machines_controller.rb:14:in `create_new_part'
Started GET "/machines/new" for 127.0.0.1 at 2018-06-08 16:48:42 +0700
Processing by MachinesController#new as HTML
  Rendering machines/new.html.erb within layouts/application
  Rendered machines/new.html.erb within layouts/application (6.2ms)
Completed 200 OK in 34ms (Views: 18.8ms | ActiveRecord: 1.2ms)


Started GET "/machines/new" for 127.0.0.1 at 2018-06-08 16:48:42 +0700
Processing by MachinesController#new as HTML
  Rendering machines/new.html.erb within layouts/application
  Rendered machines/new.html.erb within layouts/application (8.1ms)
Completed 200 OK in 24ms (Views: 22.2ms | ActiveRecord: 0.0ms)


Started GET "/machines/new" for 127.0.0.1 at 2018-06-08 16:48:42 +0700
Processing by MachinesController#new as HTML
  Rendering machines/new.html.erb within layouts/application
  Rendered machines/new.html.erb within layouts/application (6.8ms)
Completed 200 OK in 20ms (Views: 18.9ms | ActiveRecord: 0.0ms)


Started GET "/machines/create_new_part" for 127.0.0.1 at 2018-06-08 16:48:46 +0700
Processing by MachinesController#create_new_part as HTML
  Rendering machines/new.html.erb within layouts/application
  Rendered machines/new.html.erb within layouts/application (4.6ms)
Completed 500 Internal Server Error in 8ms (ActiveRecord: 0.0ms)


  
ActionView::Template::Error (undefined method `model_name' for nil:NilClass):
    1: <%= simple_form_for @machine do |m| %>
    2:      <%= m.input :name%>
    3:   <%= m.simple_fields_for :parts do |p|%>
    4: 
  
app/views/machines/new.html.erb:1:in `_app_views_machines_new_html_erb__3514400771782255525_70253657038420'
app/controllers/machines_controller.rb:14:in `create_new_part'
Started GET "/machines/create_new_part" for 127.0.0.1 at 2018-06-08 16:48:50 +0700
Processing by MachinesController#create_new_part as HTML
  Rendering machines/new.html.erb within layouts/application
  Rendered machines/new.html.erb within layouts/application (2.0ms)
Completed 500 Internal Server Error in 4ms (ActiveRecord: 0.0ms)


  
ActionView::Template::Error (undefined method `model_name' for nil:NilClass):
    1: <%= simple_form_for @machine do |m| %>
    2:      <%= m.input :name%>
    3:   <%= m.simple_fields_for :parts do |p|%>
    4: 
  
app/views/machines/new.html.erb:1:in `_app_views_machines_new_html_erb__3514400771782255525_70253763876660'
app/controllers/machines_controller.rb:14:in `create_new_part'
Started GET "/machines/new" for 127.0.0.1 at 2018-06-08 16:48:59 +0700
Processing by MachinesController#new as HTML
  Rendering machines/new.html.erb within layouts/application
  Rendered machines/new.html.erb within layouts/application (12.1ms)
Completed 200 OK in 27ms (Views: 25.1ms | ActiveRecord: 0.0ms)


Started GET "/machines/create_new_part" for 127.0.0.1 at 2018-06-08 16:49:08 +0700
Processing by MachinesController#create_new_part as HTML
  Rendering machines/new.html.erb within layouts/application
  Rendered machines/new.html.erb within layouts/application (2.6ms)
Completed 500 Internal Server Error in 6ms (ActiveRecord: 0.0ms)


  
ActionView::Template::Error (undefined method `model_name' for nil:NilClass):
    1: <%= simple_form_for @machine do |m| %>
    2:      <%= m.input :name%>
    3:   <%= m.simple_fields_for :parts do |p|%>
    4: 
  
app/views/machines/new.html.erb:1:in `_app_views_machines_new_html_erb__3514400771782255525_70253655620660'
app/controllers/machines_controller.rb:14:in `create_new_part'
Started GET "/machines/create_new_part" for 127.0.0.1 at 2018-06-08 16:49:16 +0700
Processing by MachinesController#create_new_part as HTML
  Rendering machines/new.html.erb within layouts/application
  Rendered machines/new.html.erb within layouts/application (1.8ms)
Completed 500 Internal Server Error in 10ms (ActiveRecord: 0.0ms)


  
ActionView::Template::Error (undefined method `model_name' for nil:NilClass):
    1: <%= simple_form_for @machine do |m| %>
    2:      <%= m.input :name%>
    3:   <%= m.simple_fields_for :parts do |p|%>
    4: 
  
app/views/machines/new.html.erb:1:in `_app_views_machines_new_html_erb__3514400771782255525_70253660845340'
app/controllers/machines_controller.rb:14:in `create_new_part'
Started GET "/machines/create_new_part" for 127.0.0.1 at 2018-06-08 16:49:17 +0700
Processing by MachinesController#create_new_part as HTML
  Rendering machines/new.html.erb within layouts/application
  Rendered machines/new.html.erb within layouts/application (2.8ms)
Completed 500 Internal Server Error in 5ms (ActiveRecord: 0.0ms)


  
ActionView::Template::Error (undefined method `model_name' for nil:NilClass):
    1: <%= simple_form_for @machine do |m| %>
    2:      <%= m.input :name%>
    3:   <%= m.simple_fields_for :parts do |p|%>
    4: 
  
app/views/machines/new.html.erb:1:in `_app_views_machines_new_html_erb__3514400771782255525_70253654721460'
app/controllers/machines_controller.rb:14:in `create_new_part'
Started GET "/machines/create_new_part" for 127.0.0.1 at 2018-06-08 16:49:18 +0700
Processing by MachinesController#create_new_part as HTML
  Rendering machines/new.html.erb within layouts/application
  Rendered machines/new.html.erb within layouts/application (2.0ms)
Completed 500 Internal Server Error in 4ms (ActiveRecord: 0.0ms)


  
ActionView::Template::Error (undefined method `model_name' for nil:NilClass):
    1: <%= simple_form_for @machine do |m| %>
    2:      <%= m.input :name%>
    3:   <%= m.simple_fields_for :parts do |p|%>
    4: 
  
app/views/machines/new.html.erb:1:in `_app_views_machines_new_html_erb__3514400771782255525_29357440'
app/controllers/machines_controller.rb:14:in `create_new_part'
Started GET "/machines/create_new_part" for 127.0.0.1 at 2018-06-08 16:49:20 +0700
Processing by MachinesController#create_new_part as HTML
  Rendering machines/new.html.erb within layouts/application
  Rendered machines/new.html.erb within layouts/application (2.4ms)
Completed 500 Internal Server Error in 4ms (ActiveRecord: 0.0ms)


  
ActionView::Template::Error (undefined method `model_name' for nil:NilClass):
    1: <%= simple_form_for @machine do |m| %>
    2:      <%= m.input :name%>
    3:   <%= m.simple_fields_for :parts do |p|%>
    4: 
  
app/views/machines/new.html.erb:1:in `_app_views_machines_new_html_erb__3514400771782255525_70253655493220'
app/controllers/machines_controller.rb:14:in `create_new_part'
Started GET "/machines/create_new_part" for 127.0.0.1 at 2018-06-08 16:49:23 +0700
Processing by MachinesController#create_new_part as HTML
  Rendering machines/new.html.erb within layouts/application
  Rendered machines/new.html.erb within layouts/application (3.0ms)
Completed 500 Internal Server Error in 5ms (ActiveRecord: 0.0ms)


  
ActionView::Template::Error (undefined method `model_name' for nil:NilClass):
    1: <%= simple_form_for @machine do |m| %>
    2:      <%= m.input :name%>
    3:   <%= m.simple_fields_for :parts do |p|%>
    4: 
  
app/views/machines/new.html.erb:1:in `_app_views_machines_new_html_erb__3514400771782255525_33583620'
app/controllers/machines_controller.rb:14:in `create_new_part'
Started GET "/machines/create_new_part" for 127.0.0.1 at 2018-06-08 16:49:23 +0700
Processing by MachinesController#create_new_part as HTML
  Rendering machines/new.html.erb within layouts/application
  Rendered machines/new.html.erb within layouts/application (1.9ms)
Completed 500 Internal Server Error in 3ms (ActiveRecord: 0.0ms)


  
ActionView::Template::Error (undefined method `model_name' for nil:NilClass):
    1: <%= simple_form_for @machine do |m| %>
    2:      <%= m.input :name%>
    3:   <%= m.simple_fields_for :parts do |p|%>
    4: 
  
app/views/machines/new.html.erb:1:in `_app_views_machines_new_html_erb__3514400771782255525_70253655734960'
app/controllers/machines_controller.rb:14:in `create_new_part'
Started GET "/machines/create_new_part" for 127.0.0.1 at 2018-06-08 16:49:23 +0700
Processing by MachinesController#create_new_part as HTML
  Rendering machines/new.html.erb within layouts/application
  Rendered machines/new.html.erb within layouts/application (2.1ms)
Completed 500 Internal Server Error in 4ms (ActiveRecord: 0.0ms)


  
ActionView::Template::Error (undefined method `model_name' for nil:NilClass):
    1: <%= simple_form_for @machine do |m| %>
    2:      <%= m.input :name%>
    3:   <%= m.simple_fields_for :parts do |p|%>
    4: 
  
app/views/machines/new.html.erb:1:in `_app_views_machines_new_html_erb__3514400771782255525_70253725817020'
app/controllers/machines_controller.rb:14:in `create_new_part'
Started GET "/machines/create_new_part" for 127.0.0.1 at 2018-06-08 16:49:23 +0700
Processing by MachinesController#create_new_part as HTML
  Rendering machines/new.html.erb within layouts/application
  Rendered machines/new.html.erb within layouts/application (1.8ms)
Completed 500 Internal Server Error in 3ms (ActiveRecord: 0.0ms)


  
ActionView::Template::Error (undefined method `model_name' for nil:NilClass):
    1: <%= simple_form_for @machine do |m| %>
    2:      <%= m.input :name%>
    3:   <%= m.simple_fields_for :parts do |p|%>
    4: 
  
app/views/machines/new.html.erb:1:in `_app_views_machines_new_html_erb__3514400771782255525_70253655783420'
app/controllers/machines_controller.rb:14:in `create_new_part'
Started GET "/machines/create_new_part" for 127.0.0.1 at 2018-06-08 16:49:24 +0700
Processing by MachinesController#create_new_part as HTML
  Rendering machines/new.html.erb within layouts/application
  Rendered machines/new.html.erb within layouts/application (1.9ms)
Completed 500 Internal Server Error in 3ms (ActiveRecord: 0.0ms)


  
ActionView::Template::Error (undefined method `model_name' for nil:NilClass):
    1: <%= simple_form_for @machine do |m| %>
    2:      <%= m.input :name%>
    3:   <%= m.simple_fields_for :parts do |p|%>
    4: 
  
app/views/machines/new.html.erb:1:in `_app_views_machines_new_html_erb__3514400771782255525_70253887450860'
app/controllers/machines_controller.rb:14:in `create_new_part'
Started POST "/__web_console/repl_sessions/0016b8ce3fa1cda186ecd3dbae61295f/trace" for 127.0.0.1 at 2018-06-08 16:49:32 +0700
Started POST "/__web_console/repl_sessions/0016b8ce3fa1cda186ecd3dbae61295f/trace" for 127.0.0.1 at 2018-06-08 16:49:40 +0700
Started POST "/__web_console/repl_sessions/0016b8ce3fa1cda186ecd3dbae61295f/trace" for 127.0.0.1 at 2018-06-08 16:49:44 +0700
Started POST "/__web_console/repl_sessions/0016b8ce3fa1cda186ecd3dbae61295f/trace" for 127.0.0.1 at 2018-06-08 16:49:45 +0700
Started POST "/__web_console/repl_sessions/0016b8ce3fa1cda186ecd3dbae61295f/trace" for 127.0.0.1 at 2018-06-08 16:49:46 +0700
Started POST "/__web_console/repl_sessions/0016b8ce3fa1cda186ecd3dbae61295f/trace" for 127.0.0.1 at 2018-06-08 16:49:47 +0700
Started POST "/__web_console/repl_sessions/0016b8ce3fa1cda186ecd3dbae61295f/trace" for 127.0.0.1 at 2018-06-08 16:49:47 +0700
Started POST "/__web_console/repl_sessions/0016b8ce3fa1cda186ecd3dbae61295f/trace" for 127.0.0.1 at 2018-06-08 16:49:48 +0700
Started POST "/__web_console/repl_sessions/0016b8ce3fa1cda186ecd3dbae61295f/trace" for 127.0.0.1 at 2018-06-08 16:49:48 +0700
Started POST "/__web_console/repl_sessions/0016b8ce3fa1cda186ecd3dbae61295f/trace" for 127.0.0.1 at 2018-06-08 16:49:49 +0700
Started POST "/__web_console/repl_sessions/0016b8ce3fa1cda186ecd3dbae61295f/trace" for 127.0.0.1 at 2018-06-08 16:49:52 +0700
Started POST "/__web_console/repl_sessions/0016b8ce3fa1cda186ecd3dbae61295f/trace" for 127.0.0.1 at 2018-06-08 16:49:53 +0700
Started POST "/__web_console/repl_sessions/0016b8ce3fa1cda186ecd3dbae61295f/trace" for 127.0.0.1 at 2018-06-08 16:49:53 +0700
Started POST "/__web_console/repl_sessions/0016b8ce3fa1cda186ecd3dbae61295f/trace" for 127.0.0.1 at 2018-06-08 16:49:54 +0700
Started POST "/__web_console/repl_sessions/0016b8ce3fa1cda186ecd3dbae61295f/trace" for 127.0.0.1 at 2018-06-08 16:49:57 +0700
Started GET "/machines/create_new_part" for 127.0.0.1 at 2018-06-08 16:50:29 +0700
Processing by MachinesController#create_new_part as HTML
  Rendering machines/new.html.erb within layouts/application
  Rendered machines/new.html.erb within layouts/application (2.1ms)
Completed 500 Internal Server Error in 4ms (ActiveRecord: 0.0ms)


  
ActionView::Template::Error (undefined method `model_name' for nil:NilClass):
    1: <%= simple_form_for @machine do |m| %>
    2:      <%= m.input :name%>
    3:   <%= m.simple_fields_for :parts do |p|%>
    4: 
  
app/views/machines/new.html.erb:1:in `_app_views_machines_new_html_erb__3514400771782255525_70253887455500'
app/controllers/machines_controller.rb:14:in `create_new_part'
Started GET "/machines/create_new_part" for 127.0.0.1 at 2018-06-08 16:50:30 +0700
Processing by MachinesController#create_new_part as HTML
  Rendering machines/new.html.erb within layouts/application
  Rendered machines/new.html.erb within layouts/application (2.0ms)
Completed 500 Internal Server Error in 10ms (ActiveRecord: 0.0ms)


  
ActionView::Template::Error (undefined method `model_name' for nil:NilClass):
    1: <%= simple_form_for @machine do |m| %>
    2:      <%= m.input :name%>
    3:   <%= m.simple_fields_for :parts do |p|%>
    4: 
  
app/views/machines/new.html.erb:1:in `_app_views_machines_new_html_erb__3514400771782255525_70253660846480'
app/controllers/machines_controller.rb:14:in `create_new_part'
Started GET "/machines/new" for 127.0.0.1 at 2018-06-08 16:50:31 +0700
Processing by MachinesController#new as HTML
Completed 500 Internal Server Error in 1ms (ActiveRecord: 0.0ms)


  
NoMethodError (undefined method `parts' for nil:NilClass):
  
app/controllers/machines_controller.rb:5:in `block in new'
app/controllers/machines_controller.rb:5:in `times'
app/controllers/machines_controller.rb:5:in `new'
Started GET "/machines/new" for 127.0.0.1 at 2018-06-08 16:50:54 +0700
Processing by MachinesController#new as HTML
  Rendering machines/new.html.erb within layouts/application
  Rendered machines/new.html.erb within layouts/application (4.3ms)
Completed 200 OK in 35ms (Views: 22.6ms | ActiveRecord: 1.1ms)


Started GET "/machines/create_new_part" for 127.0.0.1 at 2018-06-08 16:50:56 +0700
Processing by MachinesController#create_new_part as HTML
  Rendering machines/new.html.erb within layouts/application
  Rendered machines/new.html.erb within layouts/application (3.6ms)
Completed 500 Internal Server Error in 7ms (ActiveRecord: 0.0ms)


  
ActionView::Template::Error (undefined method `model_name' for nil:NilClass):
    1: <%= simple_form_for @machine do |m| %>
    2:      <%= m.input :name%>
    3:   <%= m.simple_fields_for :parts do |p|%>
    4: 
  
app/views/machines/new.html.erb:1:in `_app_views_machines_new_html_erb__3514400771782255525_70253658861620'
app/controllers/machines_controller.rb:14:in `create_new_part'
Started GET "/machines/create_new_part" for 127.0.0.1 at 2018-06-08 16:52:01 +0700
Processing by MachinesController#create_new_part as HTML
  Rendering machines/new.html.erb within layouts/application
  Rendered machines/new.html.erb within layouts/application (2.0ms)
Completed 500 Internal Server Error in 4ms (ActiveRecord: 0.0ms)


  
ActionView::Template::Error (undefined method `model_name' for nil:NilClass):
    1: <%= simple_form_for @machine do |m| %>
    2:      <%= m.input :name%>
    3:   <%= m.simple_fields_for :parts do |p|%>
    4: 
  
app/views/machines/new.html.erb:1:in `_app_views_machines_new_html_erb__3514400771782255525_70253762559440'
app/controllers/machines_controller.rb:19:in `create_new_part'
Started GET "/machines/create_new_part" for 127.0.0.1 at 2018-06-08 16:52:03 +0700
Processing by MachinesController#create_new_part as HTML
  Rendering machines/new.html.erb within layouts/application
  Rendered machines/new.html.erb within layouts/application (2.3ms)
Completed 500 Internal Server Error in 4ms (ActiveRecord: 0.0ms)


  
ActionView::Template::Error (undefined method `model_name' for nil:NilClass):
    1: <%= simple_form_for @machine do |m| %>
    2:      <%= m.input :name%>
    3:   <%= m.simple_fields_for :parts do |p|%>
    4: 
  
app/views/machines/new.html.erb:1:in `_app_views_machines_new_html_erb__3514400771782255525_70253656265500'
app/controllers/machines_controller.rb:19:in `create_new_part'
Started GET "/machines/create_new_part" for 127.0.0.1 at 2018-06-08 16:52:03 +0700
Processing by MachinesController#create_new_part as HTML
  Rendering machines/new.html.erb within layouts/application
  Rendered machines/new.html.erb within layouts/application (2.5ms)
Completed 500 Internal Server Error in 5ms (ActiveRecord: 0.0ms)


  
ActionView::Template::Error (undefined method `model_name' for nil:NilClass):
    1: <%= simple_form_for @machine do |m| %>
    2:      <%= m.input :name%>
    3:   <%= m.simple_fields_for :parts do |p|%>
    4: 
  
app/views/machines/new.html.erb:1:in `_app_views_machines_new_html_erb__3514400771782255525_30414060'
app/controllers/machines_controller.rb:19:in `create_new_part'
Started GET "/machines/create_new_part" for 127.0.0.1 at 2018-06-08 16:52:03 +0700
Processing by MachinesController#create_new_part as HTML
  Rendering machines/new.html.erb within layouts/application
  Rendered machines/new.html.erb within layouts/application (2.0ms)
Completed 500 Internal Server Error in 3ms (ActiveRecord: 0.0ms)


  
ActionView::Template::Error (undefined method `model_name' for nil:NilClass):
    1: <%= simple_form_for @machine do |m| %>
    2:      <%= m.input :name%>
    3:   <%= m.simple_fields_for :parts do |p|%>
    4: 
  
app/views/machines/new.html.erb:1:in `_app_views_machines_new_html_erb__3514400771782255525_70253654267440'
app/controllers/machines_controller.rb:19:in `create_new_part'
Started GET "/machines/create_new_part" for 127.0.0.1 at 2018-06-08 16:52:03 +0700
Processing by MachinesController#create_new_part as HTML
  Rendering machines/new.html.erb within layouts/application
  Rendered machines/new.html.erb within layouts/application (2.1ms)
Completed 500 Internal Server Error in 4ms (ActiveRecord: 0.0ms)


  
ActionView::Template::Error (undefined method `model_name' for nil:NilClass):
    1: <%= simple_form_for @machine do |m| %>
    2:      <%= m.input :name%>
    3:   <%= m.simple_fields_for :parts do |p|%>
    4: 
  
app/views/machines/new.html.erb:1:in `_app_views_machines_new_html_erb__3514400771782255525_70253659795880'
app/controllers/machines_controller.rb:19:in `create_new_part'
Started GET "/machines/create_new_part" for 127.0.0.1 at 2018-06-08 16:52:04 +0700
Processing by MachinesController#create_new_part as HTML
  Rendering machines/new.html.erb within layouts/application
  Rendered machines/new.html.erb within layouts/application (2.0ms)
Completed 500 Internal Server Error in 4ms (ActiveRecord: 0.0ms)


  
ActionView::Template::Error (undefined method `model_name' for nil:NilClass):
    1: <%= simple_form_for @machine do |m| %>
    2:      <%= m.input :name%>
    3:   <%= m.simple_fields_for :parts do |p|%>
    4: 
  
app/views/machines/new.html.erb:1:in `_app_views_machines_new_html_erb__3514400771782255525_70253771856400'
app/controllers/machines_controller.rb:19:in `create_new_part'
Started GET "/machines/new" for 127.0.0.1 at 2018-06-08 16:52:05 +0700
Processing by MachinesController#new as HTML
Completed 404 Not Found in 2ms (ActiveRecord: 0.3ms)


  
ActiveRecord::RecordNotFound (Couldn't find Machine without an ID):
  
app/controllers/machines_controller.rb:7:in `new'
Started GET "/machines/new" for 127.0.0.1 at 2018-06-08 16:52:53 +0700
Processing by MachinesController#new as HTML
  Rendering machines/new.html.erb within layouts/application
  Rendered machines/new.html.erb within layouts/application (3.8ms)
Completed 200 OK in 29ms (Views: 17.7ms | ActiveRecord: 0.9ms)


Started GET "/machines/create_new_part" for 127.0.0.1 at 2018-06-08 16:52:55 +0700
Processing by MachinesController#create_new_part as HTML
  Rendering machines/new.html.erb within layouts/application
  Rendered machines/new.html.erb within layouts/application (2.8ms)
Completed 500 Internal Server Error in 5ms (ActiveRecord: 0.0ms)


  
ActionView::Template::Error (undefined method `model_name' for nil:NilClass):
    1: <%= simple_form_for @machine do |m| %>
    2:      <%= m.input :name%>
    3:   <%= m.simple_fields_for :parts do |p|%>
    4: 
  
app/views/machines/new.html.erb:1:in `_app_views_machines_new_html_erb__3514400771782255525_70253660453900'
app/controllers/machines_controller.rb:19:in `create_new_part'
Started GET "/machines/create_new_part" for 127.0.0.1 at 2018-06-08 16:58:28 +0700
Processing by MachinesController#create_new_part as HTML
  Rendering machines/new.html.erb within layouts/application
  Rendered machines/new.html.erb within layouts/application (1.9ms)
Completed 500 Internal Server Error in 4ms (ActiveRecord: 0.0ms)


  
ActionView::Template::Error (undefined method `model_name' for nil:NilClass):
    1: <%= simple_form_for @machine do |m| %>
    2:      <%= m.input :name%>
    3:   <%= m.simple_fields_for :parts do |p|%>
    4: 
  
app/views/machines/new.html.erb:1:in `_app_views_machines_new_html_erb__3514400771782255525_70253763254280'
app/controllers/machines_controller.rb:14:in `create_new_part'
Started GET "/machines/new" for 127.0.0.1 at 2018-06-08 16:58:31 +0700
Processing by MachinesController#new as HTML
  Rendering machines/new.html.erb within layouts/application
  Rendered machines/new.html.erb within layouts/application (162.4ms)
Completed 500 Internal Server Error in 175ms (ActiveRecord: 0.9ms)


  
ActionView::Template::Error (undefined local variable or method `f' for #<#<Class:0x00007fca7536cc60>:0x00007fca68695e08>):
     6: 
     7:   <%end%>
     8:  <%= link_to "Create New Part", create_new_part_machines_path%>
     9:  <%= f.add_nested_fields_link :kids do %><span>New Term</span>
    10: <% end %>
    11: <%end%>
  
app/views/machines/new.html.erb:9:in `block in _app_views_machines_new_html_erb__3514400771782255525_70253655929820'
app/views/machines/new.html.erb:1:in `_app_views_machines_new_html_erb__3514400771782255525_70253655929820'
Started GET "/machines/new" for 127.0.0.1 at 2018-06-08 16:58:41 +0700
Processing by MachinesController#new as HTML
  Rendering machines/new.html.erb within layouts/application
  Rendered machines/new.html.erb within layouts/application (98.9ms)
Completed 500 Internal Server Error in 102ms (ActiveRecord: 0.0ms)


  
ActionView::Template::Error (undefined method `add_nested_fields_link' for #<SimpleForm::FormBuilder:0x00007fca68834160>):
     6: 
     7:   <%end%>
     8:  <%= link_to "Create New Part", create_new_part_machines_path%>
     9:  <%= m.add_nested_fields_link :kids do %><span>New Term</span>
    10: <% end %>
    11: <%end%>
  
app/views/machines/new.html.erb:9:in `block in _app_views_machines_new_html_erb__3514400771782255525_70253656887740'
app/views/machines/new.html.erb:1:in `_app_views_machines_new_html_erb__3514400771782255525_70253656887740'
Started GET "/machines/new" for 127.0.0.1 at 2018-06-08 17:03:41 +0700
Processing by MachinesController#new as HTML
  Rendering machines/new.html.erb within layouts/application
  Rendered machines/new.html.erb within layouts/application (163.3ms)
Completed 500 Internal Server Error in 176ms (ActiveRecord: 0.8ms)


  
ActionView::Template::Error (undefined local variable or method `machine' for #<#<Class:0x00007fca686f3e40>:0x00007fca686f2108>
Did you mean?  @machine):
    1: <%= simple_form_for setup(machine) do |m| %>
    2:      <%= m.input :name%>
    3:   <%= m.simple_fields_for :parts do |p|%>
    4: 
  
app/views/machines/new.html.erb:1:in `_app_views_machines_new_html_erb__3514400771782255525_70253656122200'
Started GET "/machines/new" for 127.0.0.1 at 2018-06-08 17:57:55 +0700
Processing by MachinesController#new as HTML
  Rendering machines/new.html.erb within layouts/application
  Rendered machines/new.html.erb within layouts/application (6.1ms)
Completed 200 OK in 25ms (Views: 24.1ms | ActiveRecord: 0.0ms)


Started GET "/machines/create_new_part" for 127.0.0.1 at 2018-06-08 17:58:05 +0700
Processing by MachinesController#create_new_part as HTML
  Rendering machines/new.html.erb within layouts/application
  Rendered machines/new.html.erb within layouts/application (2.0ms)
Completed 500 Internal Server Error in 4ms (ActiveRecord: 0.0ms)


  
ActionView::Template::Error (undefined method `model_name' for nil:NilClass):
    1: <%= simple_form_for @machine do |m| %>
    2:      <%= m.input :name%>
    3:   <%= m.simple_fields_for :parts do |p|%>
    4: 
  
app/views/machines/new.html.erb:1:in `_app_views_machines_new_html_erb__3514400771782255525_70253755533800'
app/controllers/machines_controller.rb:14:in `create_new_part'
Started GET "/machines/new" for 127.0.0.1 at 2018-06-08 17:58:29 +0700
Processing by MachinesController#new as HTML
  Rendering machines/new.html.erb within layouts/application
  Rendered machines/new.html.erb within layouts/application (6.2ms)
Completed 200 OK in 21ms (Views: 19.4ms | ActiveRecord: 0.0ms)


Started GET "/machines/create_new_part" for 127.0.0.1 at 2018-06-08 17:58:33 +0700
Processing by MachinesController#create_new_part as HTML
  Rendering machines/new.html.erb within layouts/application
  Rendered machines/new.html.erb within layouts/application (3.8ms)
Completed 500 Internal Server Error in 7ms (ActiveRecord: 0.0ms)


  
ActionView::Template::Error (undefined method `model_name' for nil:NilClass):
    1: <%= simple_form_for @machine do |m| %>
    2:      <%= m.input :name%>
    3:   <%= m.simple_fields_for :parts do |p|%>
    4: 
  
app/views/machines/new.html.erb:1:in `_app_views_machines_new_html_erb__3514400771782255525_70253771851940'
app/controllers/machines_controller.rb:14:in `create_new_part'
Started PUT "/__web_console/repl_sessions/c8593f9327d3495b38b15fd774510e6e" for 127.0.0.1 at 2018-06-08 17:58:39 +0700
Started GET "/machines/new" for 127.0.0.1 at 2018-06-08 18:00:07 +0700
Processing by MachinesController#new as HTML
  Rendering machines/new.html.erb within layouts/application
  Rendered machines/new.html.erb within layouts/application (3.9ms)
Completed 200 OK in 28ms (Views: 18.2ms | ActiveRecord: 0.8ms)


Started GET "/machines/new" for 127.0.0.1 at 2018-06-08 18:00:07 +0700
Processing by MachinesController#new as HTML
  Rendering machines/new.html.erb within layouts/application
  Rendered machines/new.html.erb within layouts/application (4.0ms)
Completed 200 OK in 17ms (Views: 16.2ms | ActiveRecord: 0.0ms)


Started GET "/machines/new" for 127.0.0.1 at 2018-06-08 18:00:08 +0700
Processing by MachinesController#new as HTML
  Rendering machines/new.html.erb within layouts/application
  Rendered machines/new.html.erb within layouts/application (3.9ms)
Completed 200 OK in 20ms (Views: 18.1ms | ActiveRecord: 0.0ms)


Started GET "/machines/create_new_part" for 127.0.0.1 at 2018-06-08 18:00:10 +0700
Processing by MachinesController#create_new_part as HTML
Completed 406 Not Acceptable in 17ms (ActiveRecord: 0.0ms)


  
ActionController::UnknownFormat (MachinesController#create_new_part is missing a template for this request format and variant.

request.formats: ["text/html"]
request.variant: []

NOTE! For XHR/Ajax or API requests, this action would normally respond with 204 No Content: an empty white screen. Since you're loading it in a web browser, we assume that you expected to actually render a template, not nothing, so we're showing an error to be extra-clear. If you expect 204 No Content, carry on. That's what you'll get from an XHR or API request. Give it a shot.):
  
actionpack (5.2.0) lib/action_controller/metal/implicit_render.rb:55:in `default_render'
actionpack (5.2.0) lib/action_controller/metal/basic_implicit_render.rb:6:in `block in send_action'
actionpack (5.2.0) lib/action_controller/metal/basic_implicit_render.rb:6:in `tap'
actionpack (5.2.0) lib/action_controller/metal/basic_implicit_render.rb:6:in `send_action'
actionpack (5.2.0) lib/abstract_controller/base.rb:194:in `process_action'
actionpack (5.2.0) lib/action_controller/metal/rendering.rb:30:in `process_action'
actionpack (5.2.0) lib/abstract_controller/callbacks.rb:42:in `block in process_action'
activesupport (5.2.0) lib/active_support/callbacks.rb:132:in `run_callbacks'
actionpack (5.2.0) lib/abstract_controller/callbacks.rb:41:in `process_action'
actionpack (5.2.0) lib/action_controller/metal/rescue.rb:22:in `process_action'
actionpack (5.2.0) lib/action_controller/metal/instrumentation.rb:34:in `block in process_action'
activesupport (5.2.0) lib/active_support/notifications.rb:168:in `block in instrument'
activesupport (5.2.0) lib/active_support/notifications/instrumenter.rb:23:in `instrument'
activesupport (5.2.0) lib/active_support/notifications.rb:168:in `instrument'
actionpack (5.2.0) lib/action_controller/metal/instrumentation.rb:32:in `process_action'
actionpack (5.2.0) lib/action_controller/metal/params_wrapper.rb:256:in `process_action'
activerecord (5.2.0) lib/active_record/railties/controller_runtime.rb:24:in `process_action'
actionpack (5.2.0) lib/abstract_controller/base.rb:134:in `process'
actionview (5.2.0) lib/action_view/rendering.rb:32:in `process'
actionpack (5.2.0) lib/action_controller/metal.rb:191:in `dispatch'
actionpack (5.2.0) lib/action_controller/metal.rb:252:in `dispatch'
actionpack (5.2.0) lib/action_dispatch/routing/route_set.rb:52:in `dispatch'
actionpack (5.2.0) lib/action_dispatch/routing/route_set.rb:34:in `serve'
actionpack (5.2.0) lib/action_dispatch/journey/router.rb:52:in `block in serve'
actionpack (5.2.0) lib/action_dispatch/journey/router.rb:35:in `each'
actionpack (5.2.0) lib/action_dispatch/journey/router.rb:35:in `serve'
actionpack (5.2.0) lib/action_dispatch/routing/route_set.rb:840:in `call'
rack (2.0.5) lib/rack/tempfile_reaper.rb:15:in `call'
rack (2.0.5) lib/rack/etag.rb:25:in `call'
rack (2.0.5) lib/rack/conditional_get.rb:25:in `call'
rack (2.0.5) lib/rack/head.rb:12:in `call'
actionpack (5.2.0) lib/action_dispatch/http/content_security_policy.rb:18:in `call'
rack (2.0.5) lib/rack/session/abstract/id.rb:232:in `context'
rack (2.0.5) lib/rack/session/abstract/id.rb:226:in `call'
actionpack (5.2.0) lib/action_dispatch/middleware/cookies.rb:670:in `call'
activerecord (5.2.0) lib/active_record/migration.rb:559:in `call'
actionpack (5.2.0) lib/action_dispatch/middleware/callbacks.rb:28:in `block in call'
activesupport (5.2.0) lib/active_support/callbacks.rb:98:in `run_callbacks'
actionpack (5.2.0) lib/action_dispatch/middleware/callbacks.rb:26:in `call'
actionpack (5.2.0) lib/action_dispatch/middleware/executor.rb:14:in `call'
actionpack (5.2.0) lib/action_dispatch/middleware/debug_exceptions.rb:61:in `call'
web-console (3.6.2) lib/web_console/middleware.rb:135:in `call_app'
web-console (3.6.2) lib/web_console/middleware.rb:30:in `block in call'
web-console (3.6.2) lib/web_console/middleware.rb:20:in `catch'
web-console (3.6.2) lib/web_console/middleware.rb:20:in `call'
actionpack (5.2.0) lib/action_dispatch/middleware/show_exceptions.rb:33:in `call'
railties (5.2.0) lib/rails/rack/logger.rb:38:in `call_app'
railties (5.2.0) lib/rails/rack/logger.rb:26:in `block in call'
activesupport (5.2.0) lib/active_support/tagged_logging.rb:71:in `block in tagged'
activesupport (5.2.0) lib/active_support/tagged_logging.rb:28:in `tagged'
activesupport (5.2.0) lib/active_support/tagged_logging.rb:71:in `tagged'
railties (5.2.0) lib/rails/rack/logger.rb:26:in `call'
sprockets-rails (3.2.1) lib/sprockets/rails/quiet_assets.rb:13:in `call'
actionpack (5.2.0) lib/action_dispatch/middleware/remote_ip.rb:81:in `call'
actionpack (5.2.0) lib/action_dispatch/middleware/request_id.rb:27:in `call'
rack (2.0.5) lib/rack/method_override.rb:22:in `call'
rack (2.0.5) lib/rack/runtime.rb:22:in `call'
activesupport (5.2.0) lib/active_support/cache/strategy/local_cache_middleware.rb:29:in `call'
actionpack (5.2.0) lib/action_dispatch/middleware/executor.rb:14:in `call'
actionpack (5.2.0) lib/action_dispatch/middleware/static.rb:127:in `call'
rack (2.0.5) lib/rack/sendfile.rb:111:in `call'
railties (5.2.0) lib/rails/engine.rb:524:in `call'
puma (3.11.4) lib/puma/configuration.rb:225:in `call'
puma (3.11.4) lib/puma/server.rb:632:in `handle_request'
puma (3.11.4) lib/puma/server.rb:446:in `process_client'
puma (3.11.4) lib/puma/server.rb:306:in `block in run'
puma (3.11.4) lib/puma/thread_pool.rb:120:in `block in spawn_thread'
Started GET "/machines/new" for 127.0.0.1 at 2018-06-08 18:00:49 +0700
Processing by MachinesController#new as HTML
  Rendering machines/new.html.erb within layouts/application
  Rendered machines/new.html.erb within layouts/application (3.6ms)
Completed 200 OK in 25ms (Views: 15.1ms | ActiveRecord: 0.8ms)


Started GET "/machines/new" for 127.0.0.1 at 2018-06-08 18:00:49 +0700
Processing by MachinesController#new as HTML
  Rendering machines/new.html.erb within layouts/application
  Rendered machines/new.html.erb within layouts/application (3.6ms)
Completed 200 OK in 20ms (Views: 17.9ms | ActiveRecord: 0.0ms)


Started GET "/machines/new" for 127.0.0.1 at 2018-06-08 18:00:50 +0700
Processing by MachinesController#new as HTML
  Rendering machines/new.html.erb within layouts/application
  Rendered machines/new.html.erb within layouts/application (5.2ms)
Completed 200 OK in 19ms (Views: 17.1ms | ActiveRecord: 0.0ms)


Started GET "/machines/new" for 127.0.0.1 at 2018-06-08 18:00:50 +0700
Processing by MachinesController#new as HTML
  Rendering machines/new.html.erb within layouts/application
  Rendered machines/new.html.erb within layouts/application (3.7ms)
Completed 200 OK in 19ms (Views: 17.2ms | ActiveRecord: 0.0ms)


Started GET "/machines/new" for 127.0.0.1 at 2018-06-08 18:00:50 +0700
Processing by MachinesController#new as HTML
  Rendering machines/new.html.erb within layouts/application
  Rendered machines/new.html.erb within layouts/application (4.9ms)
Completed 200 OK in 17ms (Views: 16.0ms | ActiveRecord: 0.0ms)


Started GET "/machines/new" for 127.0.0.1 at 2018-06-08 18:00:50 +0700
Processing by MachinesController#new as HTML
  Rendering machines/new.html.erb within layouts/application
  Rendered machines/new.html.erb within layouts/application (6.0ms)
Completed 200 OK in 21ms (Views: 19.8ms | ActiveRecord: 0.0ms)


Started GET "/machines/create_new_part" for 127.0.0.1 at 2018-06-08 18:00:52 +0700
Processing by MachinesController#create_new_part as HTML
Redirected to http://localhost:3000/machines/new
Completed 302 Found in 1ms (ActiveRecord: 0.0ms)


Started GET "/machines/new" for 127.0.0.1 at 2018-06-08 18:00:52 +0700
Processing by MachinesController#new as HTML
  Rendering machines/new.html.erb within layouts/application
  Rendered machines/new.html.erb within layouts/application (6.6ms)
Completed 200 OK in 20ms (Views: 18.7ms | ActiveRecord: 0.0ms)


Started GET "/machines/create_new_part" for 127.0.0.1 at 2018-06-08 18:00:54 +0700
Processing by MachinesController#create_new_part as HTML
Redirected to http://localhost:3000/machines/new
Completed 302 Found in 1ms (ActiveRecord: 0.0ms)


Started GET "/machines/new" for 127.0.0.1 at 2018-06-08 18:00:54 +0700
Processing by MachinesController#new as HTML
  Rendering machines/new.html.erb within layouts/application
  Rendered machines/new.html.erb within layouts/application (7.0ms)
Completed 200 OK in 27ms (Views: 24.5ms | ActiveRecord: 0.0ms)


Started GET "/machines/create_new_part" for 127.0.0.1 at 2018-06-08 18:01:19 +0700
Processing by MachinesController#create_new_part as HTML
Redirected to http://localhost:3000/machines/new
Completed 302 Found in 0ms (ActiveRecord: 0.0ms)


Started GET "/machines/new" for 127.0.0.1 at 2018-06-08 18:01:19 +0700
Processing by MachinesController#new as HTML
  Rendering machines/new.html.erb within layouts/application
  Rendered machines/new.html.erb within layouts/application (5.7ms)
Completed 200 OK in 29ms (Views: 19.1ms | ActiveRecord: 0.8ms)


Started GET "/machines/create_new_part" for 127.0.0.1 at 2018-06-08 18:01:21 +0700
Processing by MachinesController#create_new_part as HTML
Redirected to http://localhost:3000/machines/new
Completed 302 Found in 1ms (ActiveRecord: 0.0ms)


Started GET "/machines/new" for 127.0.0.1 at 2018-06-08 18:01:21 +0700
Processing by MachinesController#new as HTML
  Rendering machines/new.html.erb within layouts/application
  Rendered machines/new.html.erb within layouts/application (6.6ms)
Completed 200 OK in 22ms (Views: 20.9ms | ActiveRecord: 0.0ms)


Started GET "/machines/create_new_part" for 127.0.0.1 at 2018-06-08 18:01:23 +0700
Processing by MachinesController#create_new_part as HTML
Redirected to http://localhost:3000/machines/new
Completed 302 Found in 1ms (ActiveRecord: 0.0ms)


Started GET "/machines/new" for 127.0.0.1 at 2018-06-08 18:01:23 +0700
Processing by MachinesController#new as HTML
  Rendering machines/new.html.erb within layouts/application
  Rendered machines/new.html.erb within layouts/application (9.1ms)
Completed 200 OK in 26ms (Views: 23.3ms | ActiveRecord: 0.0ms)


Started GET "/machines/create_new_part" for 127.0.0.1 at 2018-06-08 18:01:25 +0700
Processing by MachinesController#create_new_part as HTML
Redirected to http://localhost:3000/machines/new
Completed 302 Found in 1ms (ActiveRecord: 0.0ms)


Started GET "/machines/new" for 127.0.0.1 at 2018-06-08 18:01:25 +0700
Processing by MachinesController#new as HTML
  Rendering machines/new.html.erb within layouts/application
  Rendered machines/new.html.erb within layouts/application (10.6ms)
Completed 200 OK in 28ms (Views: 23.8ms | ActiveRecord: 0.0ms)


Started GET "/machines/new" for 127.0.0.1 at 2018-06-08 18:01:56 +0700
Processing by MachinesController#new as HTML
  Rendering machines/new.html.erb within layouts/application
  Rendered machines/new.html.erb within layouts/application (4.4ms)
Completed 200 OK in 33ms (Views: 16.9ms | ActiveRecord: 6.1ms)


Started GET "/machines/new" for 127.0.0.1 at 2018-06-08 18:01:57 +0700
Processing by MachinesController#new as HTML
  Rendering machines/new.html.erb within layouts/application
  Rendered machines/new.html.erb within layouts/application (3.9ms)
Completed 200 OK in 18ms (Views: 16.3ms | ActiveRecord: 0.0ms)


Started GET "/machines/new" for 127.0.0.1 at 2018-06-08 18:01:57 +0700
Processing by MachinesController#new as HTML
  Rendering machines/new.html.erb within layouts/application
  Rendered machines/new.html.erb within layouts/application (4.4ms)
Completed 200 OK in 18ms (Views: 17.1ms | ActiveRecord: 0.0ms)


Started GET "/machines/new" for 127.0.0.1 at 2018-06-08 18:01:57 +0700
Processing by MachinesController#new as HTML
  Rendering machines/new.html.erb within layouts/application
  Rendered machines/new.html.erb within layouts/application (3.8ms)
Completed 200 OK in 18ms (Views: 17.0ms | ActiveRecord: 0.0ms)


Started GET "/machines/new" for 127.0.0.1 at 2018-06-08 18:01:57 +0700
Processing by MachinesController#new as HTML
  Rendering machines/new.html.erb within layouts/application
  Rendered machines/new.html.erb within layouts/application (11.6ms)
Completed 200 OK in 25ms (Views: 23.0ms | ActiveRecord: 0.0ms)


Started GET "/machines/new" for 127.0.0.1 at 2018-06-08 18:01:58 +0700
Processing by MachinesController#new as HTML
  Rendering machines/new.html.erb within layouts/application
  Rendered machines/new.html.erb within layouts/application (3.9ms)
Completed 200 OK in 17ms (Views: 15.4ms | ActiveRecord: 0.0ms)


Started GET "/machines/new" for 127.0.0.1 at 2018-06-08 18:01:58 +0700
Processing by MachinesController#new as HTML
  Rendering machines/new.html.erb within layouts/application
  Rendered machines/new.html.erb within layouts/application (4.7ms)
Completed 200 OK in 18ms (Views: 16.7ms | ActiveRecord: 0.0ms)


Started GET "/machines/new" for 127.0.0.1 at 2018-06-08 18:01:58 +0700
Processing by MachinesController#new as HTML
  Rendering machines/new.html.erb within layouts/application
  Rendered machines/new.html.erb within layouts/application (4.6ms)
Completed 200 OK in 19ms (Views: 17.8ms | ActiveRecord: 0.0ms)


Started GET "/machines/create_new_part" for 127.0.0.1 at 2018-06-08 18:02:01 +0700
Processing by MachinesController#create_new_part as HTML
  Rendering machines/new.html.erb within layouts/application
  Rendered machines/new.html.erb within layouts/application (2.2ms)
Completed 500 Internal Server Error in 4ms (ActiveRecord: 0.0ms)


  
ActionView::Template::Error (undefined method `model_name' for nil:NilClass):
    1: <%= simple_form_for @machine do |m| %>
    2:      <%= m.input :name%>
    3:   <%= m.simple_fields_for :parts do |p|%>
    4: 
  
app/views/machines/new.html.erb:1:in `_app_views_machines_new_html_erb__3514400771782255525_32302200'
app/controllers/machines_controller.rb:16:in `create_new_part'
Started GET "/machines/new" for 127.0.0.1 at 2018-06-08 18:02:31 +0700
Processing by MachinesController#new as HTML
  Rendering machines/new.html.erb within layouts/application
  Rendered machines/new.html.erb within layouts/application (3.9ms)
Completed 200 OK in 28ms (Views: 16.5ms | ActiveRecord: 0.9ms)


Started GET "/machines/new" for 127.0.0.1 at 2018-06-08 18:02:32 +0700
Processing by MachinesController#new as HTML
  Rendering machines/new.html.erb within layouts/application
  Rendered machines/new.html.erb within layouts/application (10.0ms)
Completed 200 OK in 24ms (Views: 22.7ms | ActiveRecord: 0.0ms)


Started GET "/machines/create_new_part" for 127.0.0.1 at 2018-06-08 18:02:34 +0700
Processing by MachinesController#create_new_part as HTML
  Rendering machines/new.html.erb within layouts/application
  Rendered machines/new.html.erb within layouts/application (2.9ms)
Completed 500 Internal Server Error in 6ms (ActiveRecord: 0.0ms)


  
ActionView::Template::Error (undefined method `model_name' for nil:NilClass):
    1: <%= simple_form_for @machine do |m| %>
    2:      <%= m.input :name%>
    3:   <%= m.simple_fields_for :parts do |p|%>
    4: 
  
app/views/machines/new.html.erb:1:in `_app_views_machines_new_html_erb__3514400771782255525_70253657347840'
app/controllers/machines_controller.rb:16:in `create_new_part'
Started GET "/machines/new" for 127.0.0.1 at 2018-06-08 18:02:36 +0700
Processing by MachinesController#new as HTML
  Rendering machines/new.html.erb within layouts/application
  Rendered machines/new.html.erb within layouts/application (8.0ms)
Completed 200 OK in 29ms (Views: 27.4ms | ActiveRecord: 0.0ms)


Started GET "/machines/new" for 127.0.0.1 at 2018-06-08 18:03:28 +0700
Processing by MachinesController#new as HTML
  Rendering machines/new.html.erb within layouts/application
  Rendered machines/new.html.erb within layouts/application (3.6ms)
Completed 200 OK in 27ms (Views: 16.3ms | ActiveRecord: 0.8ms)


Started GET "/machines/create_new_part" for 127.0.0.1 at 2018-06-08 18:03:30 +0700
Processing by MachinesController#create_new_part as HTML
Completed 500 Internal Server Error in 1ms (ActiveRecord: 0.0ms)


  
ActionController::UrlGenerationError (No route matches {:action=>"edit", :controller=>"machines"}, missing required keys: [:id]):
  
app/controllers/machines_controller.rb:16:in `create_new_part'
